This is LuaTeX, Version beta-0.79.1 (TeX Live 2014) (rev 4971)  (format=lualatex 2015.4.30)  20 DEC 2016 23:30
 restricted \write18 enabled.
**Ü07.tex
(./Ü07.tex
LaTeX2e <2014/05/01>
Babel <3.9l> and hyphenation patterns for 79 languages loaded.
(/home/q/.local/texlive/2014/texmf-dist/tex/latex/koma-script/scrartcl.cls
Document Class: scrartcl 2015/02/07 v3.16 KOMA-Script document class (article)
(/home/q/.local/texlive/2014/texmf-dist/tex/latex/koma-script/scrkbase.sty
Package: scrkbase 2015/02/07 v3.16 KOMA-Script package (KOMA-Script-dependent ba
sics and keyval usage)

(/home/q/.local/texlive/2014/texmf-dist/tex/latex/koma-script/scrbase.sty
Package: scrbase 2015/02/07 v3.16 KOMA-Script package (KOMA-Script-independent b
asics and keyval usage)

(/home/q/.local/texlive/2014/texmf-dist/tex/latex/graphics/keyval.sty
Package: keyval 2014/10/28 v1.15 key=value parser (DPC)
\KV@toks@=\toks14
)
(/home/q/.local/texlive/2014/texmf-dist/tex/latex/koma-script/scrlfile.sty
Package: scrlfile 2015/02/07 v3.16 KOMA-Script package (loading files)

Package scrlfile, 2015/02/07 v3.16 KOMA-Script package (loading files)
                  Copyright (C) Markus Kohm

))) (/home/q/.local/texlive/2014/texmf-dist/tex/latex/koma-script/tocbasic.sty
Package: tocbasic 2015/02/07 v3.16 KOMA-Script package (handling toc-files)
)
Package tocbasic Info: omitting babel extension for `toc'
(tocbasic)             because of feature `nobabel' available
(tocbasic)             for `toc' on input line 116.
Package tocbasic Info: omitting babel extension for `lof'
(tocbasic)             because of feature `nobabel' available
(tocbasic)             for `lof' on input line 117.
Package tocbasic Info: omitting babel extension for `lot'
(tocbasic)             because of feature `nobabel' available
(tocbasic)             for `lot' on input line 118.
Class scrartcl Info: File `scrsize11pt.clo' used instead of
(scrartcl)           file `scrsize11.clo' to setup font sizes on input line 1564
.

(/home/q/.local/texlive/2014/texmf-dist/tex/latex/koma-script/scrsize11pt.clo
File: scrsize11pt.clo 2015/02/07 v3.16 KOMA-Script font size class option (11pt)

)
(/home/q/.local/texlive/2014/texmf-dist/tex/latex/koma-script/typearea.sty
Package: typearea 2015/02/07 v3.16 KOMA-Script package (type area)

Package typearea, 2015/02/07 v3.16 KOMA-Script package (type area)
                  Copyright (C) Frank Neukam, 1992-1994
                  Copyright (C) Markus Kohm, 1994-

\ta@bcor=\skip41
\ta@div=\count79
\ta@hblk=\skip42
\ta@vblk=\skip43
\ta@temp=\skip44
\footheight=\skip45
Package typearea Info: These are the values describing the layout:
(typearea)             DIV  = 10
(typearea)             BCOR = 0.0pt
(typearea)             \paperwidth      = 597.50793pt
(typearea)              \textwidth      = 418.25555pt
(typearea)              DIV departure   = -6%
(typearea)              \evensidemargin = 17.3562pt
(typearea)              \oddsidemargin  = 17.3562pt
(typearea)             \paperheight     = 845.04694pt
(typearea)              \textheight     = 595.80026pt
(typearea)              \topmargin      = -25.16531pt
(typearea)              \headheight     = 17.0pt
(typearea)              \headsep        = 20.40001pt
(typearea)              \topskip        = 11.0pt
(typearea)              \footskip       = 47.6pt
(typearea)              \baselineskip   = 13.6pt
(typearea)              on input line 1342.
)
\c@part=\count80
\c@section=\count81
\c@subsection=\count82
\c@subsubsection=\count83
\c@paragraph=\count84
\c@subparagraph=\count85
\abovecaptionskip=\skip46
\belowcaptionskip=\skip47
\c@pti@nb@sid@b@x=\box26
\c@figure=\count86
\c@table=\count87
\bibindent=\dimen102
) (/home/q/.local/texlive/2014/texmf-dist/tex/latex/pdfpages/pdfpages.sty
Package: pdfpages 2013/08/25 v0.4v Insert pages of external PDF documents (AM)

(/home/q/.local/texlive/2014/texmf-dist/tex/latex/base/ifthen.sty
Package: ifthen 2014/09/29 v1.1c Standard LaTeX ifthen package (DPC)
)
(/home/q/.local/texlive/2014/texmf-dist/tex/latex/tools/calc.sty
Package: calc 2014/10/28 v4.3 Infix arithmetic (KKT,FJ)
\calc@Acount=\count88
\calc@Bcount=\count89
\calc@Adimen=\dimen103
\calc@Bdimen=\dimen104
\calc@Askip=\skip48
\calc@Bskip=\skip49
LaTeX Info: Redefining \setlength on input line 75.
LaTeX Info: Redefining \addtolength on input line 76.
\calc@Ccount=\count90
\calc@Cskip=\skip50
)
(/home/q/.local/texlive/2014/texmf-dist/tex/latex/eso-pic/eso-pic.sty
Package: eso-pic 2013/10/06 v2.0d eso-pic (RN)

(/home/q/.local/texlive/2014/texmf-dist/tex/generic/oberdiek/atbegshi.sty
Package: atbegshi 2011/10/05 v1.16 At begin shipout hook (HO)

(/home/q/.local/texlive/2014/texmf-dist/tex/generic/oberdiek/infwarerr.sty
Package: infwarerr 2010/04/08 v1.3 Providing info/warning/error messages (HO)
)
(/home/q/.local/texlive/2014/texmf-dist/tex/generic/oberdiek/ltxcmds.sty
Package: ltxcmds 2011/11/09 v1.22 LaTeX kernel commands for general use (HO)
)
(/home/q/.local/texlive/2014/texmf-dist/tex/generic/oberdiek/ifpdf.sty
Package: ifpdf 2011/01/30 v2.3 Provides the ifpdf switch (HO)
Package ifpdf Info: pdfTeX in PDF mode is detected.
))
(/home/q/.local/texlive/2014/texmf-dist/tex/latex/xcolor/xcolor.sty
Package: xcolor 2007/01/21 v2.11 LaTeX color extensions (UK)

(/home/q/.local/texlive/2014/texmf-dist/tex/latex/latexconfig/color.cfg
File: color.cfg 2007/01/18 v1.5 color configuration of teTeX/TeXLive
)
Package xcolor Info: Driver file: pdftex.def on input line 225.

(/home/q/.local/texlive/2014/texmf-dist/tex/latex/pdftex-def/pdftex.def
File: pdftex.def 2011/05/27 v0.06d Graphics/color for pdfTeX

(/home/q/.local/texlive/2014/texmf-dist/tex/generic/oberdiek/pdftexcmds.sty
Package: pdftexcmds 2011/11/29 v0.20 Utility functions of pdfTeX for LuaTeX (HO)


(/home/q/.local/texlive/2014/texmf-dist/tex/generic/oberdiek/ifluatex.sty
Package: ifluatex 2010/03/01 v1.3 Provides the ifluatex switch (HO)
Package ifluatex Info: LuaTeX detected.
)
Package pdftexcmds Info: \pdf@primitive is available.
Package pdftexcmds Info: \pdf@ifprimitive is available.
Package pdftexcmds Info: \pdfdraftmode found.

(/home/q/.local/texlive/2014/texmf-dist/tex/generic/oberdiek/luatex-loader.sty
Package: luatex-loader 2010/03/09 v0.4 Lua module loader (HO)

(/home/q/.local/texlive/2014/texmf-dist/scripts/oberdiek/oberdiek.luatex.lua))
\pdftexcmds@toks=\toks15
)
\Gread@gobject=\count91
)
Package xcolor Info: Model `cmy' substituted by `cmy0' on input line 1337.
Package xcolor Info: Model `hsb' substituted by `rgb' on input line 1341.
Package xcolor Info: Model `RGB' extended on input line 1353.
Package xcolor Info: Model `HTML' substituted by `rgb' on input line 1355.
Package xcolor Info: Model `Hsb' substituted by `hsb' on input line 1356.
Package xcolor Info: Model `tHsb' substituted by `hsb' on input line 1357.
Package xcolor Info: Model `HSB' substituted by `hsb' on input line 1358.
Package xcolor Info: Model `Gray' substituted by `gray' on input line 1359.
Package xcolor Info: Model `wave' substituted by `hsb' on input line 1360.
)) (/home/q/.local/texlive/2014/texmf-dist/tex/latex/graphics/graphicx.sty
Package: graphicx 2014/10/28 v1.0g Enhanced LaTeX Graphics (DPC,SPQR)

(/home/q/.local/texlive/2014/texmf-dist/tex/latex/graphics/graphics.sty
Package: graphics 2014/10/28 v1.0p Standard LaTeX Graphics (DPC,SPQR)

(/home/q/.local/texlive/2014/texmf-dist/tex/latex/graphics/trig.sty
Package: trig 1999/03/16 v1.09 sin cos tan (DPC)
)
(/home/q/.local/texlive/2014/texmf-dist/tex/latex/latexconfig/graphics.cfg
File: graphics.cfg 2010/04/23 v1.9 graphics configuration of TeX Live
)
Package graphics Info: Driver file: pdftex.def on input line 91.
)
\Gin@req@height=\dimen105
\Gin@req@width=\dimen106
)
(/home/q/.local/texlive/2014/texmf-dist/tex/latex/pdfpages/pppdftex.def
File: pppdftex.def 2013/08/25 v0.4v Pdfpages driver for pdfTeX (AM)
)
\AM@pagebox=\box27
\AM@toc@title=\toks16
\c@AM@survey=\count92
\AM@templatesizebox=\box28
)
(/home/q/.local/texlive/2014/texmf-dist/tex/latex/tools/longtable.sty
Package: longtable 2014/10/28 v4.11 Multi-page Table package (DPC)
\LTleft=\skip51
\LTright=\skip52
\LTpre=\skip53
\LTpost=\skip54
\LTchunksize=\count93
\LTcapwidth=\dimen107
\LT@head=\box29
\LT@firsthead=\box30
\LT@foot=\box31
\LT@lastfoot=\box32
\LT@cols=\count94
\LT@rows=\count95
\c@LT@tables=\count96
\c@LT@chunks=\count97
\LT@p@ftn=\toks17
)
Class scrartcl Info: longtable captions redefined on input line 10.

(/home/q/.local/texlive/2014/texmf-dist/tex/latex/multirow/multirow.sty
\bigstrutjot=\dimen108
)
(/home/q/.local/texlive/2014/texmf-dist/tex/latex/base/fixltx2e.sty
Package: fixltx2e 2014/09/29 v1.1s fixes to LaTeX
LaTeX Info: Redefining \em on input line 430.
LaTeX Info: Redefining \textsubscript on input line 434.
)
(/home/q/.local/texlive/2014/texmf-dist/tex/latex/oberdiek/rerunfilecheck.sty
Package: rerunfilecheck 2011/04/15 v1.7 Rerun checks for auxiliary files (HO)

(/home/q/.local/texlive/2014/texmf-dist/tex/latex/oberdiek/kvoptions.sty
Package: kvoptions 2011/06/30 v3.11 Key value format for package options (HO)

(/home/q/.local/texlive/2014/texmf-dist/tex/generic/oberdiek/kvsetkeys.sty
Package: kvsetkeys 2012/04/25 v1.16 Key value parser (HO)

(/home/q/.local/texlive/2014/texmf-dist/tex/generic/oberdiek/etexcmds.sty
Package: etexcmds 2011/02/16 v1.5 Avoid name clashes with e-TeX commands (HO)
)))
(/home/q/.local/texlive/2014/texmf-dist/tex/latex/oberdiek/atveryend.sty
Package: atveryend 2011/06/30 v1.8 Hooks at the very end of document (HO)
Package atveryend Info: \enddocument detected (standard20110627).
)
(/home/q/.local/texlive/2014/texmf-dist/tex/generic/oberdiek/uniquecounter.sty
Package: uniquecounter 2011/01/30 v1.2 Provide unlimited unique counter (HO)

(/home/q/.local/texlive/2014/texmf-dist/tex/generic/oberdiek/bigintcalc.sty
Package: bigintcalc 2012/04/08 v1.3 Expandable calculations on big integers (HO)

))
Package uniquecounter Info: New unique counter `rerunfilecheck' on input line 28
2.
)
(/home/q/.local/texlive/2014/texmf-dist/tex/latex/polyglossia/polyglossia.sty
Package: polyglossia 2014/05/21 v1.33.5 Babel replacement for XeLaTeX and LuaTeX


(/home/q/.local/texlive/2014/texmf-dist/tex/latex/etoolbox/etoolbox.sty
Package: etoolbox 2015/03/19 v2.1d e-TeX tools for LaTeX (JAW)

(/home/q/.local/texlive/2014/texmf-dist/tex/latex/etex-pkg/etex.sty
Package: etex 2015/03/02 v2.1 eTeX basic definition package (PEB,DPC)
\et@xins=\count98
)
\etb@tempcnta=\count99
)
(/home/q/.local/texlive/2014/texmf-dist/tex/latex/makecmds/makecmds.sty
Package: makecmds 2009/09/03 v1.0a extra command making commands
)
(/home/q/.local/texlive/2014/texmf-dist/tex/latex/xkeyval/xkeyval.sty
Package: xkeyval 2014/12/03 v2.7a package option processing (HA)

(/home/q/.local/texlive/2014/texmf-dist/tex/generic/xkeyval/xkeyval.tex
(/home/q/.local/texlive/2014/texmf-dist/tex/generic/xkeyval/xkvutils.tex
\XKV@toks=\toks18
\XKV@tempa@toks=\toks19
)
\XKV@depth=\count100
File: xkeyval.tex 2014/12/03 v2.7a key=value parser (HA)
))
(/home/q/.local/texlive/2014/texmf-dist/tex/latex/fontspec/fontspec.sty
Package: fontspec 2015/03/14 v2.4c Font selection for XeLaTeX and LuaLaTeX

(/home/q/.local/texlive/2014/texmf-dist/tex/latex/l3kernel/expl3.sty
Package: expl3 2015/03/01 v5547 L3 programming layer (loader) 

(/home/q/.local/texlive/2014/texmf-dist/tex/latex/l3kernel/expl3-code.tex
Package: expl3 2015/03/01 v5547 L3 programming layer (code) 
L3 Module: l3bootstrap 2015/02/28 v5542 L3 Bootstrap code
L3 Module: l3names 2015/02/24 v5535 L3 Namespace for primitives
L3 Module: l3basics 2015/01/27 v5500 L3 Basic definitions
L3 Module: l3expan 2014/11/27 v5472 L3 Argument expansion
L3 Module: l3tl 2015/01/27 v5500 L3 Token lists
L3 Module: l3str 2015/03/01 v5545 L3 Strings
L3 Module: l3seq 2014/08/23 v5354 L3 Sequences and stacks
L3 Module: l3int 2015/02/21 v5529 L3 Integers
\c_max_int=\count101
\l_tmpa_int=\count102
\l_tmpb_int=\count103
\g_tmpa_int=\count104
\g_tmpb_int=\count105
L3 Module: l3quark 2014/08/23 v5354 L3 Quarks
L3 Module: l3prg 2014/08/23 v5354 L3 Control structures
\g__prg_map_int=\count106
L3 Module: l3clist 2014/08/23 v5354 L3 Comma separated lists
L3 Module: l3token 2014/09/15 v5422 L3 Experimental token manipulation
L3 Module: l3prop 2014/08/23 v5354 L3 Property lists
L3 Module: l3msg 2015/02/26 v5537 L3 Messages
L3 Module: l3file 2014/08/24 v5369 L3 File and I/O operations
\l_iow_line_count_int=\count107
\l__iow_target_count_int=\count108
\l__iow_current_line_int=\count109
\l__iow_current_word_int=\count110
\l__iow_current_indentation_int=\count111
L3 Module: l3skip 2014/08/23 v5354 L3 Dimensions and skips
\c_zero_dim=\dimen109
\c_max_dim=\dimen110
\l_tmpa_dim=\dimen111
\l_tmpb_dim=\dimen112
\g_tmpa_dim=\dimen113
\g_tmpb_dim=\dimen114
\c_zero_skip=\skip55
\c_max_skip=\skip56
\l_tmpa_skip=\skip57
\l_tmpb_skip=\skip58
\g_tmpa_skip=\skip59
\g_tmpb_skip=\skip60
\c_zero_muskip=\muskip10
\c_max_muskip=\muskip11
\l_tmpa_muskip=\muskip12
\l_tmpb_muskip=\muskip13
\g_tmpa_muskip=\muskip14
\g_tmpb_muskip=\muskip15
L3 Module: l3keys 2015/01/27 v5500 L3 Key-value interfaces
\g__keyval_level_int=\count112
\l_keys_choice_int=\count113
L3 Module: l3fp 2014/08/22 v5336 L3 Floating points
\c__fp_leading_shift_int=\count114
\c__fp_middle_shift_int=\count115
\c__fp_trailing_shift_int=\count116
\c__fp_big_leading_shift_int=\count117
\c__fp_big_middle_shift_int=\count118
\c__fp_big_trailing_shift_int=\count119
\c__fp_Bigg_leading_shift_int=\count120
\c__fp_Bigg_middle_shift_int=\count121
\c__fp_Bigg_trailing_shift_int=\count122
L3 Module: l3box 2014/08/23 v5354 L3 Experimental boxes
\c_empty_box=\box33
\l_tmpa_box=\box34
\l_tmpb_box=\box35
\g_tmpa_box=\box36
\g_tmpb_box=\box37
L3 Module: l3coffins 2014/08/23 v5354 L3 Coffin code layer
\l__coffin_internal_box=\box38
\l__coffin_internal_dim=\dimen115
\l__coffin_offset_x_dim=\dimen116
\l__coffin_offset_y_dim=\dimen117
\l__coffin_x_dim=\dimen118
\l__coffin_y_dim=\dimen119
\l__coffin_x_prime_dim=\dimen120
\l__coffin_y_prime_dim=\dimen121
\c_empty_coffin=\box39
\l__coffin_aligned_coffin=\box40
\l__coffin_aligned_internal_coffin=\box41
\l_tmpa_coffin=\box42
\l_tmpb_coffin=\box43
\l__coffin_display_coffin=\box44
\l__coffin_display_coord_coffin=\box45
\l__coffin_display_pole_coffin=\box46
\l__coffin_display_offset_dim=\dimen122
\l__coffin_display_x_dim=\dimen123
\l__coffin_display_y_dim=\dimen124
L3 Module: l3color 2014/08/23 v5354 L3 Experimental color support
L3 Module: l3candidates 2015/03/01 v5544 L3 Experimental additions to l3kernel
\l__box_top_dim=\dimen125
\l__box_bottom_dim=\dimen126
\l__box_left_dim=\dimen127
\l__box_right_dim=\dimen128
\l__box_top_new_dim=\dimen129
\l__box_bottom_new_dim=\dimen130
\l__box_left_new_dim=\dimen131
\l__box_right_new_dim=\dimen132
\l__box_internal_box=\box47
\l__coffin_bounding_shift_dim=\dimen133
\l__coffin_left_corner_dim=\dimen134
\l__coffin_right_corner_dim=\dimen135
\l__coffin_bottom_corner_dim=\dimen136
\l__coffin_top_corner_dim=\dimen137
\l__coffin_scaled_total_height_dim=\dimen138
\l__coffin_scaled_width_dim=\dimen139
)
(/home/q/.local/texlive/2014/texmf-dist/tex/latex/l3kernel/l3unicode-data.def
File: l3unicode-data.def 2015/03/01 v5544 L3 Unicode data
)
(/home/q/.local/texlive/2014/texmf-dist/tex/latex/l3kernel/l3pdfmode.def
File: l3pdfmode.def 2015/03/01 v5544 L3 Experimental driver: PDF mode
\l__driver_color_stack_int=\count123
))
(/home/q/.local/texlive/2014/texmf-dist/tex/latex/l3packages/xparse/xparse.sty
Package: xparse 2014/11/25 v5471 L3 Experimental document command parser
\l__xparse_current_arg_int=\count124
\l__xparse_m_args_int=\count125
\l__xparse_mandatory_args_int=\count126
\l__xparse_processor_int=\count127
\l__xparse_v_nesting_int=\count128
)
(/home/q/.local/texlive/2014/texmf-dist/tex/luatex/luaotfload/luaotfload.sty
Package: luaotfload 2014/08/10 v2.5-4 OpenType layout system

(/home/q/.local/texlive/2014/texmf-dist/tex/luatex/luatexbase/luatexbase.sty
Package: luatexbase 2013/05/11 v0.6 Resource management for the LuaTeX macro pro
grammer

(/home/q/.local/texlive/2014/texmf-dist/tex/generic/oberdiek/luatex.sty
Package: luatex 2010/03/09 v0.4 LuaTeX basic definition package (HO)
\LuT@AllocAttribute=\count277
\LuT@AllocCatcodeTable=\count278
\CatcodeTableStack=\count279
\CatcodeTableIniTeX=\catcodetable1
\CatcodeTableString=\catcodetable3
\CatcodeTableOther=\catcodetable5
\CatcodeTableLaTeX=\catcodetable7
)
(/home/q/.local/texlive/2014/texmf-dist/tex/luatex/luatexbase/luatexbase-compat
.sty
Package: luatexbase-compat 2011/05/24 v0.4 Compatibility tools for LuaTeX
)
(/home/q/.local/texlive/2014/texmf-dist/tex/luatex/luatexbase/luatexbase-moduti
ls.sty
Package: luatexbase-modutils 2013/05/11 v0.6 Module utilities for LuaTeX

(/home/q/.local/texlive/2014/texmf-dist/tex/luatex/luatexbase/luatexbase-loader
.sty
Package: luatexbase-loader 2013/05/11 v0.6 Lua module loader for LuaTeX

(/home/q/.local/texlive/2014/texmf-dist/tex/luatex/luatexbase/luatexbase.loader.
lua))
(/home/q/.local/texlive/2014/texmf-dist/tex/luatex/luatexbase/modutils.lua)
Lua module: luatexbase-modutils 2013/05/11 0.6 Module utilities for LuaTeX
)
(/home/q/.local/texlive/2014/texmf-dist/tex/luatex/luatexbase/luatexbase-regs.s
ty
Package: luatexbase-regs 2011/05/24 v0.4 Registers allocation for LuaTeX
)
(/home/q/.local/texlive/2014/texmf-dist/tex/luatex/luatexbase/luatexbase-attr.s
ty
Package: luatexbase-attr 2013/05/11 v0.6 Attributes allocation for LuaTeX

(/home/q/.local/texlive/2014/texmf-dist/tex/luatex/luatexbase/attr.lua)
Lua module: luatexbase-attr 2013/05/11 0.6 Attributes allocation for LuaTeX
\lltxb@attr@unsetvalue=\count280
)
(/home/q/.local/texlive/2014/texmf-dist/tex/luatex/luatexbase/luatexbase-cctb.s
ty
Package: luatexbase-cctb 2013/05/11 v0.6 Catcodetable allocation for LuaTeX

(/home/q/.local/texlive/2014/texmf-dist/tex/luatex/luatexbase/cctb.lua)
Lua module: luatexbase-cctb 2013/05/11 0.6 Catcodetable allocation for LuaTeX
\lltxb@catcodetable@alloc=\count281
\CatcodeTableStack=\count282
\CatcodeTableIniTeX=\luatexcatcodetable1
\CatcodeTableString=\luatexcatcodetable3
\CatcodeTableOther=\luatexcatcodetable5
\CatcodeTableLaTeX=\luatexcatcodetable7
\CatcodeTableLaTeXAtLetter=\luatexcatcodetable9
\CatcodeTableExpl=\luatexcatcodetable11
)
(/home/q/.local/texlive/2014/texmf-dist/tex/luatex/luatexbase/luatexbase-mcb.st
y
Package: luatexbase-mcb 2013/05/11 v0.6 Callback management for LuaTeX

(/home/q/.local/texlive/2014/texmf-dist/tex/luatex/luatexbase/mcb.lua)
Lua module: luatexbase-mcb 2013/05/11 0.6 register several functions in a callba
ck
))
(/home/q/.local/texlive/2014/texmf-dist/tex/luatex/luaotfload/luaotfload-main.lu
a)
Lua module: luaotfload-main 2014/08/10 2.50003 OpenType layout system.

(/home/q/.local/texlive/2014/texmf-dist/tex/luatex/luaotfload/luaotfload-log.lua
)
(/home/q/.local/texlive/2014/texmf-dist/tex/luatex/luaotfload/luaotfload-fontloa
der.lua)(using write cache: /home/q/.local/texlive/2014/texmf-var/luatex-cache/g
eneric)(using read cache: /home/q/.local/texlive/2014/texmf-var/luatex-cache/gen
eric /home/q/.texlive2014/texmf-var/luatex-cache/generic)
luatexbase-attr: luatexbase.attributes["luaotfload@kernpair"] = 1
luatexbase-attr: luatexbase.attributes["luaotfload@ligacomp"] = 2
luatexbase-attr: luatexbase.attributes["luaotfload@markbase"] = 3
luatexbase-attr: luatexbase.attributes["luaotfload@markmark"] = 4
luatexbase-attr: luatexbase.attributes["luaotfload@markdone"] = 5
luatexbase-attr: luatexbase.attributes["luaotfload@cursbase"] = 6
luatexbase-attr: luatexbase.attributes["luaotfload@curscurs"] = 7
luatexbase-attr: luatexbase.attributes["luaotfload@cursdone"] = 8
luatexbase-attr: luatexbase.attributes["luaotfload@state"] = 9
luaotfload | main : fontloader loaded in 0.048 seconds
luatexbase-mcb: inserting 'luaotfload.node_processor'
at position 1 in 'pre_linebreak_filter'
luatexbase-mcb: inserting 'luaotfload.node_processor'
at position 1 in 'hpack_filter'
luatexbase-mcb: inserting 'luaotfload.find_vf_file'
at position 1 in 'find_vf_file'
(/home/q/.local/texlive/2014/texmf-dist/tex/luatex/luaotfload/luaotfload-overrid
e.lua)
(/home/q/.local/texlive/2014/texmf-dist/tex/luatex/luaotfload/luaotfload-parsers
.lua)
(/home/q/.local/texlive/2014/texmf-dist/tex/luatex/luaotfload/luaotfload-configu
ration.lua)
(/home/q/.local/texlive/2014/texmf-dist/tex/luatex/luaotfload/luaotfload-status.
lua)
luaotfload | conf : Root cache directory is /home/q/.local/texlive/2014/texmf-va
r/luatex-cache/generic/names.
(/home/q/.local/texlive/2014/texmf-dist/tex/luatex/luaotfload/luaotfload-loaders
.lua)
(/home/q/.local/texlive/2014/texmf-dist/tex/luatex/luaotfload/luaotfload-databas
e.lua)
(/home/q/.local/texlive/2014/texmf-dist/tex/luatex/luaotfload/luaotfload-colors.
lua)
luaotfload | conf : Root cache directory is /home/q/.local/texlive/2014/texmf-va
r/luatex-cache/generic/names.
luatexbase-mcb: creating 'luaotfload.resolve_font' type 4
luatexbase-mcb: creating 'luaotfload.patch_font' type 4
luatexbase-mcb: resetting callback 'define_font'
luatexbase-mcb: inserting 'luaotfload.define_font'
at position 1 in 'define_font'
(/home/q/.local/texlive/2014/texmf-dist/tex/luatex/luaotfload/luaotfload-feature
s.lua)
(/home/q/.local/texlive/2014/texmf-dist/tex/luatex/luaotfload/luaotfload-letters
pace.lua)
(/home/q/.local/texlive/2014/texmf-dist/tex/luatex/luaotfload/luaotfload-auxilia
ry.lua)
luatexbase-mcb: inserting 'luaotfload.aux.set_sscale_dimens'
at position 1 in 'luaotfload.patch_font'
luatexbase-mcb: inserting 'luaotfload.aux.patch_cambria_domh'
at position 2 in 'luaotfload.patch_font'
luatexbase-mcb: inserting 'luaotfload.aux.set_capheight'
at position 3 in 'luaotfload.patch_font'
luatexbase-mcb: inserting 'luaotfload.rewrite_fontname'
at position 4 in 'luaotfload.patch_font')
(/home/q/.local/texlive/2014/texmf-dist/tex/latex/fontspec/fontspec.lua)
Lua module: fontspec 2013/05/20 2.3c Advanced font selection for LuaLaTeX.
\l_fontspec_script_int=\count283
\l_fontspec_language_int=\count284
\l_fontspec_strnum_int=\count285
\l__fontspec_tmpa_dim=\dimen256
\l__fontspec_tmpb_dim=\dimen257
\l__fontspec_tmpc_dim=\dimen258
Variant \tl_gset:cV already defined; not changing it on line 71

(/home/q/.local/texlive/2014/texmf-dist/tex/latex/fontspec/fontspec-patches.sty
Package: fontspec-patches 2015/03/14 v2.4c Font selection for XeLaTeX and LuaLaT
eX
LaTeX Info: Redefining \em on input line 49.
LaTeX Info: Redefining \emph on input line 57.
LaTeX Info: Redefining \- on input line 60.
.................................................
. LaTeX info: "xparse/redefine-command"
. 
. Redefining command \oldstylenums with sig. 'm' on line 155.
.................................................
.................................................
. LaTeX info: "xparse/define-command"
. 
. Defining command \liningnums with sig. 'm' on line 159.
.................................................
)
(/home/q/.local/texlive/2014/texmf-dist/tex/latex/fontspec/fontspec-luatex.sty
Package: fontspec-luatex 2015/03/14 v2.4c Font selection for XeLaTeX and LuaLaTe
X

(/home/q/.local/texlive/2014/texmf-dist/tex/latex/base/fontenc.sty
Package: fontenc 2005/09/27 v1.99g Standard LaTeX package

(/home/q/.local/texlive/2014/texmf-dist/tex/latex/euenc/eu2enc.def
File: eu2enc.def 2010/05/27 v0.1h Experimental Unicode font encodings
)
LaTeX Font Info:    Try loading font information for EU2+lmr on input line 100.

(/home/q/.local/texlive/2014/texmf-dist/tex/latex/euenc/eu2lmr.fd
File: eu2lmr.fd 2009/10/30 v1.6 Font defs for Latin Modern
)
luaotfload | db : Font names database loaded from /home/q/.local/texlive/2014/te
xmf-var/luatex-cache/generic/names/luaotfload-names.luc(load luc: /home/q/.local
/texlive/2014/texmf-var/luatex-cache/generic/fonts/otf/lmroman10-regular.luc))
(/home/q/.local/texlive/2014/texmf-dist/tex/xelatex/xunicode/xunicode.sty
File: xunicode.sty 2011/09/09 v0.981 provides access to latin accents and many o
ther characters in Unicode lower plane

(/home/q/.local/texlive/2014/texmf-dist/tex/latex/tipa/t3enc.def
File: t3enc.def 2001/12/31 T3 encoding
(load luc: /home/q/.local/texlive/2014/texmf-var/luatex-cache/generic/fonts/otf/
lmromanslant10-regular.luc)(load luc: /home/q/.local/texlive/2014/texmf-var/luat
ex-cache/generic/fonts/otf/lmroman10-italic.luc)(load luc: /home/q/.local/texliv
e/2014/texmf-var/luatex-cache/generic/fonts/otf/lmroman10-bold.luc)
LaTeX Font Info:    Try loading font information for EU2+lmss on input line 357.


(/home/q/.local/texlive/2014/texmf-dist/tex/latex/euenc/eu2lmss.fd
File: eu2lmss.fd 2009/10/30 v1.6 Font defs for Latin Modern
)(load luc: /home/q/.local/texlive/2014/texmf-var/luatex-cache/generic/fonts/otf
/lmsans10-regular.luc))
\tipaTiiicode=\count286
\tipasavetokens=\toks20
\tipachecktokens=\toks21
)
.................................................
. LaTeX info: "xparse/define-command"
. 
. Defining command \__fontspec_post_arg:w with sig. 'mmO{}' on line 45.
.................................................
.................................................
. LaTeX info: "xparse/define-command"
. 
. Defining command \fontspec with sig. 'om' on line 47.
.................................................
.................................................
. LaTeX info: "xparse/define-command"
. 
. Defining command \setmainfont with sig. 'om' on line 57.
.................................................
.................................................
. LaTeX info: "xparse/define-command"
. 
. Defining command \setsansfont with sig. 'om' on line 67.
.................................................
.................................................
. LaTeX info: "xparse/define-command"
. 
. Defining command \setmonofont with sig. 'om' on line 77.
.................................................
.................................................
. LaTeX info: "xparse/define-command"
. 
. Defining command \setmathrm with sig. 'om' on line 91.
.................................................
.................................................
. LaTeX info: "xparse/define-command"
. 
. Defining command \setboldmathrm with sig. 'om' on line 99.
.................................................
.................................................
. LaTeX info: "xparse/define-command"
. 
. Defining command \setmathsf with sig. 'om' on line 107.
.................................................
.................................................
. LaTeX info: "xparse/define-command"
. 
. Defining command \setmathtt with sig. 'om' on line 115.
.................................................
.................................................
. LaTeX info: "xparse/define-command"
. 
. Defining command \newfontfamily with sig. 'mom' on line 129.
.................................................
.................................................
. LaTeX info: "xparse/define-command"
. 
. Defining command \newfontface with sig. 'mom' on line 144.
.................................................
.................................................
. LaTeX info: "xparse/define-command"
. 
. Defining command \defaultfontfeatures with sig. 't+om' on line 158.
.................................................
.................................................
. LaTeX info: "xparse/define-command"
. 
. Defining command \addfontfeatures with sig. 'm' on line 214.
.................................................
.................................................
. LaTeX info: "xparse/define-command"
. 
. Defining command \newfontfeature with sig. 'mm' on line 225.
.................................................
.................................................
. LaTeX info: "xparse/define-command"
. 
. Defining command \newAATfeature with sig. 'mmmm' on line 233.
.................................................
.................................................
. LaTeX info: "xparse/define-command"
. 
. Defining command \newopentypefeature with sig. 'mmm' on line 241.
.................................................
.................................................
. LaTeX info: "xparse/define-command"
. 
. Defining command \aliasfontfeature with sig. 'mm' on line 265.
.................................................
.................................................
. LaTeX info: "xparse/define-command"
. 
. Defining command \aliasfontfeatureoption with sig. 'mmm' on line 274.
.................................................
.................................................
. LaTeX info: "xparse/define-command"
. 
. Defining command \newfontscript with sig. 'mm' on line 279.
.................................................
.................................................
. LaTeX info: "xparse/define-command"
. 
. Defining command \newfontlanguage with sig. 'mm' on line 305.
.................................................
.................................................
. LaTeX info: "xparse/define-command"
. 
. Defining command \DeclareFontsExtensions with sig. 'm' on line 325.
.................................................
Variant \prop_gput:cnV already defined; not changing it on line 708
Variant \prop_gput:cnx already defined; not changing it on line 709
\l__fontspec_tmp_int=\count287
LaTeX Info: Redefining \itshape on input line 2156.
LaTeX Info: Redefining \slshape on input line 2161.
LaTeX Info: Redefining \scshape on input line 2166.
LaTeX Info: Redefining \upshape on input line 2171.

(/home/q/.local/texlive/2014/texmf-dist/tex/latex/fontspec/fontspec.cfg)))
(/home/q/.local/texlive/2014/texmf-dist/tex/generic/ifxetex/ifxetex.sty
Package: ifxetex 2010/09/12 v0.6 Provides ifxetex conditional
)
(/home/q/.local/texlive/2014/texmf-dist/tex/latex/polyglossia/polyglossia.lua)
(/home/q/.local/texlive/2014/texmf-dist/tex/luatex/hyph-utf8/luatex-hyphen.lua)
luatex-hyphen: using data file: /home/q/.local/texlive/2014/texmf-var/tex/generi
c/config/language.dat.lua
Lua module: polyglossia 2013/05/11 1.3 Polyglossia
) (/home/q/.local/texlive/2014/texmf-dist/tex/latex/polyglossia/gloss-german.ld
f
File: gloss-german.ldf polyglossia: module for german
(/home/q/.local/texlive/2014/texmf-dist/tex/latex/polyglossia/babelsh.def
File: babelsh.def 2013/04/30 Babel common definitions for shorthands
 Taken verbatim from babel.def (2013/04/15 v3.9e)
)
Package polyglossia Info: Making " an active character on input line 68.
)
Package polyglossia Info: Default language is german.

(/home/q/.local/texlive/2014/texmf-dist/tex/latex/amsmath/amsmath.sty
Package: amsmath 2013/01/14 v2.14 AMS math features
\@mathmargin=\skip256

For additional information on amsmath, use the `?' option.
(/home/q/.local/texlive/2014/texmf-dist/tex/latex/amsmath/amstext.sty
Package: amstext 2000/06/29 v2.01

(/home/q/.local/texlive/2014/texmf-dist/tex/latex/amsmath/amsgen.sty
File: amsgen.sty 1999/11/30 v2.0
\@emptytoks=\toks22
\ex@=\dimen259
))
(/home/q/.local/texlive/2014/texmf-dist/tex/latex/amsmath/amsbsy.sty
Package: amsbsy 1999/11/29 v1.2d
\pmbraise@=\dimen260
)
(/home/q/.local/texlive/2014/texmf-dist/tex/latex/amsmath/amsopn.sty
Package: amsopn 1999/12/14 v2.01 operator names
)
\inf@bad=\count288
LaTeX Info: Redefining \frac on input line 210.
\uproot@=\count289
\leftroot@=\count290
LaTeX Info: Redefining \overline on input line 306.
\classnum@=\count291
\DOTSCASE@=\count292
LaTeX Info: Redefining \ldots on input line 378.
LaTeX Info: Redefining \dots on input line 381.
LaTeX Info: Redefining \cdots on input line 466.
\Mathstrutbox@=\box256
\strutbox@=\box257
\big@size=\dimen261
LaTeX Font Info:    Redeclaring font encoding OML on input line 566.
LaTeX Font Info:    Redeclaring font encoding OMS on input line 567.
\macc@depth=\count293
\c@MaxMatrixCols=\count294
\dotsspace@=\muskip16
\c@parentequation=\count295
\dspbrk@lvl=\count296
\tag@help=\toks23
\row@=\count297
\column@=\count298
\maxfields@=\count299
\andhelp@=\toks24
\eqnshift@=\dimen262
\alignsep@=\dimen263
\tagshift@=\dimen264
\tagwidth@=\dimen265
\totwidth@=\dimen266
\lineht@=\dimen267
\@envbody=\toks25
\multlinegap=\skip257
\multlinetaggap=\skip258
\mathdisplay@stack=\toks26
LaTeX Info: Redefining \[ on input line 2665.
LaTeX Info: Redefining \] on input line 2666.
)
(/home/q/.local/texlive/2014/texmf-dist/tex/latex/amsfonts/amssymb.sty
Package: amssymb 2013/01/14 v3.01 AMS font symbols

(/home/q/.local/texlive/2014/texmf-dist/tex/latex/amsfonts/amsfonts.sty
Package: amsfonts 2013/01/14 v3.01 Basic AMSFonts support
\symAMSa=\mathgroup4
\symAMSb=\mathgroup5
LaTeX Font Info:    Overwriting math alphabet `\mathfrak' in version `bold'
(Font)                  U/euf/m/n --> U/euf/b/n on input line 106.
))
(/home/q/.local/texlive/2014/texmf-dist/tex/latex/mathtools/mathtools.sty
Package: mathtools 2014/07/16 v1.15 mathematical typesetting tools

(/home/q/.local/texlive/2014/texmf-dist/tex/latex/mathtools/mhsetup.sty
Package: mhsetup 2010/01/21 v1.2a programming setup (MH)
)
LaTeX Info: Thecontrolsequence`\('isalreadyrobust on input line 129.
LaTeX Info: Thecontrolsequence`\)'isalreadyrobust on input line 129.
LaTeX Info: Thecontrolsequence`\['isalreadyrobust on input line 129.
LaTeX Info: Thecontrolsequence`\]'isalreadyrobust on input line 129.
\g_MT_multlinerow_int=\count300
\l_MT_multwidth_dim=\dimen268
\origjot=\skip259
\l_MT_shortvdotswithinadjustabove_dim=\dimen269
\l_MT_shortvdotswithinadjustbelow_dim=\dimen270
\l_MT_above_intertext_sep=\dimen271
\l_MT_below_intertext_sep=\dimen272
\l_MT_above_shortintertext_sep=\dimen273
\l_MT_below_shortintertext_sep=\dimen274
)
(/home/q/.local/texlive/2014/texmf-dist/tex/latex/unicode-math/unicode-math.sty
Package: unicode-math 2014/06/30 v0.7f Unicode maths in XeLaTeX and LuaLaTeX

(/home/q/.local/texlive/2014/texmf-dist/tex/latex/l3packages/l3keys2e/l3keys2e.
sty
Package: l3keys2e 2014/11/25 v5471 LaTeX2e option processing using LaTeX3 keys
) (/home/q/.local/texlive/2014/texmf-dist/tex/generic/oberdiek/catchfile.sty
Package: catchfile 2011/03/01 v1.6 Catch the contents of a file (HO)
) (/home/q/.local/texlive/2014/texmf-dist/tex/latex/base/fix-cm.sty
Package: fix-cm 2014/09/29 v1.1s fixes to LaTeX

(/home/q/.local/texlive/2014/texmf-dist/tex/latex/base/ts1enc.def
File: ts1enc.def 2001/06/05 v3.0e (jk/car/fm) Standard LaTeX file
))
(/home/q/.local/texlive/2014/texmf-dist/tex/latex/filehook/filehook.sty
Package: filehook 2011/10/12 v0.5d Hooks for input files

(/home/q/.local/texlive/2014/texmf-dist/tex/latex/filehook/filehook-scrlfile.st
y
Package: filehook-scrlfile 2011/01/03 v0.1 filehook patch for scrlfile package
Package filehook Info: Package 'scrlfile' detected and compensated for on input 
line 102.
))
Variant \tl_put_right:cx already defined; not changing it on line 67
Variant \seq_if_in:NVTF already defined; not changing it on line 68
\g_um_fam_int=\count301
.................................................
. LaTeX info: "xparse/define-command"
. 
. Defining command \unimathsetup with sig. 'm' on line 156.
.................................................

(/home/q/.local/texlive/2014/texmf-dist/tex/latex/unicode-math/unicode-math-lua
tex.sty
(/home/q/.local/texlive/2014/texmf-dist/tex/lualatex/lualatex-math/lualatex-mat
h.sty
Package: lualatex-math 2014/08/18 v1.4 Patches for mathematics typesetting with 
LuaLaTeX

(/home/q/.local/texlive/2014/texmf-dist/tex/lualatex/lualatex-math/lualatex-math
.lua)
Lua module: lualatex-math 2013/08/03 1.3 Patches for mathematics typesetting wit
h LuaLaTeX
.................................................
. lualatex-math info: "patch-macro"
. 
. I'm going to patch macro \new@mathgroup.
.................................................
.................................................
. lualatex-math info: "patch-macro"
. 
. I'm going to patch macro \resetMathstrut@.
.................................................
.................................................
. lualatex-math info: "patch-macro"
. 
. I'm going to patch macro \subarray.
.................................................
.................................................
. lualatex-math info: "patch-macro"
. 
. I'm going to patch macro \frac .
.................................................
.................................................
. lualatex-math info: "patch-macro"
. 
. I'm going to patch macro \@genfrac.
.................................................
.................................................
. lualatex-math info: "patch-macro"
. 
. I'm going to patch macro \newmcodes@.
.................................................
.................................................
. lualatex-math info: "patch-macro"
. 
. I'm going to patch macro \MT_cramped_internal:Nn.
.................................................
)
.................................................
. LaTeX info: "xparse/define-command"
. 
. Defining command \setmathfont with sig. 'O{}m' on line 384.
.................................................
.................................................
. LaTeX info: "xparse/define-command"
. 
. Defining command \addnolimits with sig. 'm' on line 628.
.................................................
.................................................
. LaTeX info: "xparse/define-command"
. 
. Defining command \removenolimits with sig. 'm' on line 632.
.................................................

(/home/q/.local/texlive/2014/texmf-dist/tex/latex/unicode-math/unicode-math-tab
le.tex)
\g_um_primekern_muskip=\muskip17
\l_um_primecount_int=\count302
.................................................
. unicode-math info: "patch-macro"
. 
. I'm going to patch macro \plainroot@.
.................................................
.................................................
. unicode-math info: "patch-macro"
. 
. I'm going to patch macro \r@@t.
.................................................

*************************************************
* unicode-math warning: "mathtools-colon"
* 
* I'm going to overwrite the following commands from the `mathtools' package:
* 
*     \dblcolon, \coloneqq, \Coloneqq, \eqqcolon.
* 
* Note that since I won't overwrite the other colon-like commands, using them
* will lead to inconsistencies.
*************************************************
.................................................
. LaTeX info: "xparse/define-command"
. 
. Defining command \dblcolon with sig. '' on line 2943.
.................................................
.................................................
. LaTeX info: "xparse/define-command"
. 
. Defining command \coloneqq with sig. '' on line 2943.
.................................................
.................................................
. LaTeX info: "xparse/define-command"
. 
. Defining command \Coloneqq with sig. '' on line 2943.
.................................................
.................................................
. LaTeX info: "xparse/define-command"
. 
. Defining command \eqqcolon with sig. '' on line 2943.
.................................................
))
\g__file_internal_ior=\read1
luaotfload | cache : Lookup cache loaded from /home/q/.local/texlive/2014/texmf-
var/luatex-cache/generic/names/luaotfload-lookup-cache.luc.
luaotfload | load : Lookup/name: "Latin Modern Math" -> "latinmodern-math.otf"(l
oad luc: /home/q/.local/texlive/2014/texmf-var/luatex-cache/generic/fonts/otf/la
tinmodern-math.luc)
luaotfload | load : Lookup/name: "Latin Modern Math" -> "latinmodern-math.otf"
\g__fontspec_family_LatinModernMath_int=\count303
luaotfload | load : Lookup/name: "Latin Modern Math" -> "latinmodern-math.otf"
luaotfload | load : Lookup/name: "Latin Modern Math" -> "latinmodern-math.otf"
.................................................
. fontspec info: "no-font-shape"
. 
. Could not resolve font Latin Modern Math/B (it probably doesn't exist).
.................................................
luaotfload | load : Lookup/name: "LatinModernMath" -> "latinmodern-math.otf"
luaotfload | load : Lookup/name: "LatinModernMath" -> "latinmodern-math.otf"
luaotfload | aux : font no 21 (LatinModernMath-Regular) does not define feature 
smcp for script math with language dflt
luaotfload | aux : no font with id 21
luaotfload | load : Lookup/name: "LatinModernMath" -> "latinmodern-math.otf"
luaotfload | load : Lookup/name: "LatinModernMath" -> "latinmodern-math.otf"
.................................................
. fontspec info: "defining-font"
. 
. Font family 'LatinModernMath(0)' created for font 'Latin Modern Math' with
. options
. [Ligatures=TeX,Renderer=Basic,BoldItalicFont={},ItalicFont={},Script=Math,Size
Features={{Size=10-},{Size=7-10,Font=Latin
. Modern Math,Style=MathScript},{Size=-7,Font=Latin Modern
. Math,Style=MathScriptScript}}].
. 
. This font family consists of the following shapes:
. 
. * 'normal' with NFSS spec.:
. 
. <10->"LatinModernMath:mode=base;script=math;language=DFLT;+tlig;+trep;"<7-10>"
LatinModernMath:mode=base;script=math;language=DFLT;+tlig;+trep;+ssty=0;"<-7>"La
tinModernMath:mode=base;script=math;language=DFLT;+tlig;+trep;+ssty=1;"
. 
. * 'small caps' with NFSS spec.:
. 
. and font adjustment code:
. 
.................................................
luaotfload | load : Lookup/name: "LatinModernMath" -> "latinmodern-math.otf"
luaotfload | load : Lookup/name: "Latin Modern Math" -> "latinmodern-math.otf"
LaTeX Font Info:    Encoding `OT1' has changed to `EU2' for symbol font
(Font)              `operators' in the math version `normal' on input line 39.
LaTeX Font Info:    Overwriting symbol font `operators' in version `normal'
(Font)                  OT1/cmr/m/n --> EU2/LatinModernMath(0)/m/n on input line
 39.
LaTeX Font Info:    Encoding `OT1' has changed to `EU2' for symbol font
(Font)              `operators' in the math version `bold' on input line 39.
LaTeX Font Info:    Overwriting symbol font `operators' in version `bold'
(Font)                  OT1/cmr/bx/n --> EU2/LatinModernMath(0)/bx/n on input li
ne 39.
luaotfload | load : Lookup/name: "Latin Modern Math" -> "latinmodern-math.otf"
luaotfload | load : Lookup/name: "Latin Modern Math" -> "latinmodern-math.otf"
luaotfload | load : Lookup/name: "Latin Modern Math" -> "latinmodern-math.otf"
luaotfload | load : Lookup/name: "Latin Modern Math" -> "latinmodern-math.otf"
.................................................
. fontspec info: "no-font-shape"
. 
. Could not resolve font Latin Modern Math/B (it probably doesn't exist).
.................................................
luaotfload | load : Lookup/name: "LatinModernMath" -> "latinmodern-math.otf"
luaotfload | load : Lookup/name: "LatinModernMath" -> "latinmodern-math.otf"
luaotfload | aux : font no 21 (LatinModernMath-Regular) does not define feature 
smcp for script math with language dflt
luaotfload | aux : no font with id 21
luaotfload | load : Lookup/name: "LatinModernMath" -> "latinmodern-math.otf"
luaotfload | load : Lookup/name: "LatinModernMath" -> "latinmodern-math.otf"
.................................................
. fontspec info: "defining-font"
. 
. Font family 'LatinModernMath(1)' created for font 'Latin Modern Math' with
. options
. [Ligatures=TeX,Renderer=Basic,BoldItalicFont={},ItalicFont={},Script=Math,Size
Features={{Size=10-},{Size=7-10,Font=Latin
. Modern Math,Style=MathScript},{Size=-7,Font=Latin Modern
. Math,Style=MathScriptScript}},Scale=1.00001,FontAdjustment={\fontdimen
. 8\font =443678.72sp\relax \fontdimen 9\font =258211.84sp\relax \fontdimen
. 10\font =290979.84sp\relax \fontdimen 11\font =449576.96sp\relax \fontdimen
. 12\font =226099.2sp\relax \fontdimen 13\font =237895.68sp\relax \fontdimen
. 14\font =237895.68sp\relax \fontdimen 15\font =189399.04sp\relax \fontdimen
. 16\font =161873.92sp\relax \fontdimen 17\font =0sp\relax \fontdimen 18\font
. =163840sp\relax \fontdimen 19\font =131072sp\relax \fontdimen 20\font
. =0pt\relax \fontdimen 21\font =0pt\relax \fontdimen 22\font =163840sp\relax
. }].
. 
. This font family consists of the following shapes:
. 
. * 'normal' with NFSS spec.:
. 
. <10->s*[1.00001]"LatinModernMath:mode=base;script=math;language=DFLT;+tlig;+tr
ep;"<7-10>s*[1.00001]"LatinModernMath:mode=base;script=math;language=DFLT;+tlig;
+trep;+ssty=0;"<-7>s*[1.00001]"LatinModernMath:mode=base;script=math;language=DF
LT;+tlig;+trep;+ssty=1;"
. 
. * 'small caps' with NFSS spec.:
. 
. and font adjustment code:
. \fontdimen 8\font =443678.72sp\relax \fontdimen 9\font =258211.84sp\relax
. \fontdimen 10\font =290979.84sp\relax \fontdimen 11\font =449576.96sp\relax
. \fontdimen 12\font =226099.2sp\relax \fontdimen 13\font =237895.68sp\relax
. \fontdimen 14\font =237895.68sp\relax \fontdimen 15\font =189399.04sp\relax
. \fontdimen 16\font =161873.92sp\relax \fontdimen 17\font =0sp\relax
. \fontdimen 18\font =163840sp\relax \fontdimen 19\font =131072sp\relax
. \fontdimen 20\font =0pt\relax \fontdimen 21\font =0pt\relax \fontdimen
. 22\font =163840sp\relax 
.................................................
LaTeX Font Info:    Encoding `OMS' has changed to `EU2' for symbol font
(Font)              `symbols' in the math version `normal' on input line 39.
LaTeX Font Info:    Overwriting symbol font `symbols' in version `normal'
(Font)                  OMS/cmsy/m/n --> EU2/LatinModernMath(1)/m/n on input lin
e 39.
LaTeX Font Info:    Encoding `OMS' has changed to `EU2' for symbol font
(Font)              `symbols' in the math version `bold' on input line 39.
LaTeX Font Info:    Overwriting symbol font `symbols' in version `bold'
(Font)                  OMS/cmsy/b/n --> EU2/LatinModernMath(1)/bx/n on input li
ne 39.
luaotfload | load : Lookup/name: "Latin Modern Math" -> "latinmodern-math.otf"
luaotfload | load : Lookup/name: "Latin Modern Math" -> "latinmodern-math.otf"
luaotfload | load : Lookup/name: "Latin Modern Math" -> "latinmodern-math.otf"
luaotfload | load : Lookup/name: "Latin Modern Math" -> "latinmodern-math.otf"
.................................................
. fontspec info: "no-font-shape"
. 
. Could not resolve font Latin Modern Math/B (it probably doesn't exist).
.................................................
luaotfload | load : Lookup/name: "LatinModernMath" -> "latinmodern-math.otf"
luaotfload | load : Lookup/name: "LatinModernMath" -> "latinmodern-math.otf"
luaotfload | aux : font no 21 (LatinModernMath-Regular) does not define feature 
smcp for script math with language dflt
luaotfload | aux : no font with id 21
luaotfload | load : Lookup/name: "LatinModernMath" -> "latinmodern-math.otf"
luaotfload | load : Lookup/name: "LatinModernMath" -> "latinmodern-math.otf"
.................................................
. fontspec info: "defining-font"
. 
. Font family 'LatinModernMath(2)' created for font 'Latin Modern Math' with
. options
. [Ligatures=TeX,Renderer=Basic,BoldItalicFont={},ItalicFont={},Script=Math,Size
Features={{Size=10-},{Size=7-10,Font=Latin
. Modern Math,Style=MathScript},{Size=-7,Font=Latin Modern
. Math,Style=MathScriptScript}},Scale=0.99999,FontAdjustment={\fontdimen
. 8\font =26214.4sp\relax \fontdimen 9\font =131072sp\relax \fontdimen 10\font
. =109445.12sp\relax \fontdimen 11\font =72744.96sp\relax \fontdimen 12\font
. =393216sp\relax \fontdimen 13\font =0pt\relax }].
. 
. This font family consists of the following shapes:
. 
. * 'normal' with NFSS spec.:
. 
. <10->s*[0.99999]"LatinModernMath:mode=base;script=math;language=DFLT;+tlig;+tr
ep;"<7-10>s*[0.99999]"LatinModernMath:mode=base;script=math;language=DFLT;+tlig;
+trep;+ssty=0;"<-7>s*[0.99999]"LatinModernMath:mode=base;script=math;language=DF
LT;+tlig;+trep;+ssty=1;"
. 
. * 'small caps' with NFSS spec.:
. 
. and font adjustment code:
. \fontdimen 8\font =26214.4sp\relax \fontdimen 9\font =131072sp\relax
. \fontdimen 10\font =109445.12sp\relax \fontdimen 11\font =72744.96sp\relax
. \fontdimen 12\font =393216sp\relax \fontdimen 13\font =0pt\relax 
.................................................
LaTeX Font Info:    Encoding `OMX' has changed to `EU2' for symbol font
(Font)              `largesymbols' in the math version `normal' on input line 39
.
LaTeX Font Info:    Overwriting symbol font `largesymbols' in version `normal'
(Font)                  OMX/cmex/m/n --> EU2/LatinModernMath(2)/m/n on input lin
e 39.
LaTeX Font Info:    Encoding `OMX' has changed to `EU2' for symbol font
(Font)              `largesymbols' in the math version `bold' on input line 39.
LaTeX Font Info:    Overwriting symbol font `largesymbols' in version `bold'
(Font)                  OMX/cmex/m/n --> EU2/LatinModernMath(2)/bx/n on input li
ne 39.
luaotfload | load : Lookup/name: "XITS Math" -> "xits-math.otf"(load luc: /home/
q/.local/texlive/2014/texmf-var/luatex-cache/generic/fonts/otf/xits-math.luc)
luaotfload | load : Lookup/name: "XITS Math" -> "xits-math.otf"
\g__fontspec_family_XITSMath_int=\count304
luaotfload | load : Lookup/name: "XITS Math" -> "xits-math.otf"
luaotfload | load : Lookup/name: "XITS Math" -> "xits-mathbold.otf"(load luc: /h
ome/q/.local/texlive/2014/texmf-var/luatex-cache/generic/fonts/otf/xits-mathbold
.luc)
luaotfload | load : Lookup/name: "XITSMath" -> "xits-math.otf"
luaotfload | load : Lookup/name: "XITSMath" -> "xits-math.otf"
luaotfload | aux : font no 25 (XITSMath) does not define feature smcp for script
 math with language dflt
luaotfload | aux : no font with id 25
luaotfload | load : Lookup/name: "XITSMath" -> "xits-math.otf"
luaotfload | load : Lookup/name: "XITSMath" -> "xits-math.otf"
luaotfload | load : Lookup/name: "XITSMath" -> "xits-mathbold.otf"
luaotfload | load : Lookup/name: "XITSMath" -> "xits-mathbold.otf"
luaotfload | aux : font no 26 (XITSMath-Bold) does not define feature smcp for s
cript math with language dflt
luaotfload | aux : no font with id 26
.................................................
. fontspec info: "defining-font"
. 
. Font family 'XITSMath(0)' created for font 'XITS Math' with options
. [Ligatures=TeX,Renderer=Basic,BoldItalicFont={},ItalicFont={},Script=Math,Size
Features={{Size=10-},{Size=6.99997-10,Font=XITS
. Math,Style=MathScript},{Size=-6.99997,Font=XITS
. Math,Style=MathScriptScript}}].
. 
. This font family consists of the following shapes:
. 
. * 'normal' with NFSS spec.:
. 
. <10->"XITSMath:mode=base;script=math;language=DFLT;+tlig;+trep;"<6.99997-10>"X
ITSMath:mode=base;script=math;language=DFLT;+tlig;+trep;+ssty=0;"<-6.99997>"XITS
Math:mode=base;script=math;language=DFLT;+tlig;+trep;+ssty=1;"
. 
. * 'small caps' with NFSS spec.:
. 
. and font adjustment code:
. 
. 
. * 'bold' with NFSS spec.:
. <->"XITSMath/B:mode=base;script=math;language=DFLT;+tlig;+trep;"
. 
. * 'bold small caps' with NFSS spec.:
. 
. and font adjustment code:
. 
.................................................
luaotfload | load : Lookup/name: "XITSMath" -> "xits-math.otf"
luaotfload | load : Lookup/name: "XITS Math" -> "xits-math.otf"
\symum_fam1=\mathgroup6
LaTeX Font Info:    Overwriting symbol font `um_fam1' in version `normal'
(Font)                  EU2/XITSMath(0)/m/n --> EU2/XITSMath(0)/m/n on input lin
e 40.
LaTeX Font Info:    Overwriting symbol font `um_fam1' in version `bold'
(Font)                  EU2/XITSMath(0)/m/n --> EU2/XITSMath(0)/bx/n on input li
ne 40.

(/home/q/.local/texlive/2014/texmf-dist/tex/latex/csquotes/csquotes.sty
Package: csquotes 2011/10/22 v5.1d context-sensitive quotations
\csq@reset=\count305
\csq@gtype=\count306
\csq@glevel=\count307
\csq@qlevel=\count308
\csq@maxlvl=\count309
\csq@tshold=\count310
\csq@ltx@everypar=\toks27

(/home/q/.local/texlive/2014/texmf-dist/tex/latex/csquotes/csquotes.def
File: csquotes.def 2011/10/22 v5.1d csquotes generic definitions
)
Package csquotes Info: Trying to load configuration file 'csquotes.cfg'...
Package csquotes Info: ... configuration file loaded successfully.

(/home/q/.local/texlive/2014/texmf-dist/tex/latex/csquotes/csquotes.cfg
File: csquotes.cfg 
)
Package csquotes Info: Enabling multilingual quotes.
)
(/home/q/.local/texlive/2014/texmf-dist/tex/latex/siunitx/siunitx.sty
Package: siunitx 2015/01/21 v2.6e A comprehensive (SI) units package

(/home/q/.local/texlive/2014/texmf-dist/tex/latex/tools/array.sty
Package: array 2014/10/28 v2.4c Tabular extension package (FMi)
\col@sep=\dimen275
\extrarowheight=\dimen276
\NC@list=\toks28
\extratabsurround=\skip260
\backup@length=\skip261
)
Variant \tl_if_blank:VTF already defined; not changing it on line 50
\l__siunitx_tmp_box=\box258
\l__siunitx_tmp_dim=\dimen277
\l__siunitx_tmp_int=\count311
Variant \prop_get:NVNT already defined; not changing it on line 380
Variant \prop_get:NVNF already defined; not changing it on line 381
Variant \prop_get:NVNTF already defined; not changing it on line 382
\l__siunitx_number_mantissa_length_int=\count312
\l__siunitx_number_uncert_length_int=\count313
\l__siunitx_round_int=\count314
\l__siunitx_process_decimal_int=\count315
\l__siunitx_process_uncertainty_int=\count316
\l__siunitx_process_fixed_int=\count317
\l__siunitx_process_integer_min_int=\count318
\l__siunitx_process_precision_int=\count319
\l__siunitx_group_min_int=\count320
\l__siunitx_angle_marker_box=\box259
\l__siunitx_angle_unit_box=\box260
\l__siunitx_angle_marker_dim=\dimen278
\l__siunitx_angle_unit_dim=\dimen279
\l__siunitx_unit_int=\count321
\l__siunitx_unit_denominator_int=\count322
\l__siunitx_unit_numerator_int=\count323
\l__siunitx_unit_prefix_int=\count324
\l__siunitx_unit_prefix_base_int=\count325
\l__siunitx_unit_prefix_gram_int=\count326
\l__siunitx_number_product_int=\count327
\c__siunitx_one_fill_skip=\skip262
\l__siunitx_table_unit_align_skip=\skip263
\l__siunitx_table_exponent_dim=\dimen280
\l__siunitx_table_integer_dim=\dimen281
\l__siunitx_table_mantissa_dim=\dimen282
\l__siunitx_table_marker_dim=\dimen283
\l__siunitx_table_result_dim=\dimen284
\l__siunitx_table_uncert_dim=\dimen285
\l__siunitx_table_fill_pre_dim=\dimen286
\l__siunitx_table_fill_post_dim=\dimen287
\l__siunitx_table_fill_mid_dim=\dimen288
\l__siunitx_table_pre_box=\box261
\l__siunitx_table_post_box=\box262
\l__siunitx_table_mantissa_box=\box263
\l__siunitx_table_result_box=\box264
\l__siunitx_table_number_align_skip=\skip264
\l__siunitx_table_text_align_skip=\skip265
.................................................
. LaTeX info: "xparse/define-command"
. 
. Defining command \DeclareBinaryPrefix with sig. 'mmm' on line 7176.
.................................................
.................................................
. LaTeX info: "xparse/define-command"
. 
. Defining command \DeclareSIPostPower with sig. 'mm' on line 7179.
.................................................
.................................................
. LaTeX info: "xparse/define-command"
. 
. Defining command \DeclareSIPrefix with sig. 'mmm' on line 7182.
.................................................
.................................................
. LaTeX info: "xparse/define-command"
. 
. Defining command \DeclareSIPrePower with sig. 'mm' on line 7185.
.................................................
.................................................
. LaTeX info: "xparse/define-command"
. 
. Defining command \DeclareSIQualifier with sig. 'mm' on line 7188.
.................................................
.................................................
. LaTeX info: "xparse/define-command"
. 
. Defining command \DeclareSIUnit with sig. 'O{}mm' on line 7191.
.................................................
.................................................
. LaTeX info: "xparse/define-command"
. 
. Defining command \DeclareSIUnitWithOptions with sig. 'mmm' on line 7194.
.................................................
.................................................
. LaTeX info: "xparse/define-command"
. 
. Defining command \ang with sig. 'o>{\SplitArgument {2}{;}}m' on line 7209.
.................................................
.................................................
. LaTeX info: "xparse/define-command"
. 
. Defining command \num with sig. 'om' on line 7217.
.................................................
.................................................
. LaTeX info: "xparse/define-command"
. 
. Defining command \numlist with sig. 'o>{\SplitList {;}}m' on line 7225.
.................................................
.................................................
. LaTeX info: "xparse/define-command"
. 
. Defining command \numrange with sig. 'omm' on line 7233.
.................................................
.................................................
. LaTeX info: "xparse/define-command"
. 
. Defining command \SIlist with sig. 'o>{\SplitList {;}}mm' on line 7244.
.................................................
.................................................
. LaTeX info: "xparse/define-command"
. 
. Defining command \SIrange with sig. 'ommm' on line 7255.
.................................................
.................................................
. LaTeX info: "xparse/define-command"
. 
. Defining command \SI with sig. 'omom' on line 7266.
.................................................
.................................................
. LaTeX info: "xparse/define-command"
. 
. Defining command \sisetup with sig. 'm' on line 7269.
.................................................
.................................................
. LaTeX info: "xparse/define-command"
. 
. Defining command \tablenum with sig. 'om' on line 7281.
.................................................
.................................................
. LaTeX info: "xparse/define-command"
. 
. Defining command \si with sig. 'om' on line 7292.
.................................................
.................................................
. LaTeX info: "xparse/define-command"
. 
. Defining command \__siunitx_bookmark_num:w with sig. 'om' on line 7339.
.................................................
.................................................
. LaTeX info: "xparse/define-command"
. 
. Defining command \__siunitx_bookmark_numrange:w with sig. 'omm' on line
. 7341.
.................................................
.................................................
. LaTeX info: "xparse/define-command"
. 
. Defining command \__siunitx_bookmark_SI:w with sig. 'omom' on line 7343.
.................................................
.................................................
. LaTeX info: "xparse/define-command"
. 
. Defining command \__siunitx_bookmark_SIlist:w with sig. 'omm' on line 7345.
.................................................
.................................................
. LaTeX info: "xparse/define-command"
. 
. Defining command \__siunitx_bookmark_SIrange:w with sig. 'ommm' on line
. 7347.
.................................................
.................................................
. LaTeX info: "xparse/define-command"
. 
. Defining command \__siunitx_bookmark_si:w with sig. 'om' on line 7348.
.................................................

(/home/q/.local/texlive/2014/texmf-dist/tex/latex/beamer/translator/translator.
sty
Package: translator 2010/06/12 ver 1.10

(/home/q/.local/texlive/2014/texmf-dist/tex/latex/beamer/translator/translator-
language-mappings.tex)))
(/home/q/.local/texlive/2014/texmf-dist/tex/latex/mhchem/mhchem.sty
Package: mhchem 2015/04/07 v4.00 for typesetting chemical formulae

(/home/q/.local/texlive/2014/texmf-dist/tex/latex/l3experimental/l3str/l3regex.
sty
Package: l3regex 2014/11/25 v5471 L3 Experimental regular expressions

(/home/q/.local/texlive/2014/texmf-dist/tex/latex/l3experimental/l3str/l3tl-bui
ld.sty
Package: l3tl-build 2014/08/25 v5378 L3 Experimental token list construction
\l__tl_build_start_index_int=\count328
\l__tl_build_index_int=\count329
)
(/home/q/.local/texlive/2014/texmf-dist/tex/latex/l3experimental/l3str/l3tl-ana
lysis.sty
Package: l3tl-analysis 2014/05/06 v4745 L3 Experimental token lists analysis

(/home/q/.local/texlive/2014/texmf-dist/tex/latex/l3experimental/l3str/l3str.st
y
Package: l3str 2014/11/25 v5471 L3 Experimental strings
)
\l__tl_analysis_normal_int=\count330
\l__tl_analysis_index_int=\count331
\l__tl_analysis_nesting_int=\count332
\l__tl_analysis_type_int=\count333
)
(/home/q/.local/texlive/2014/texmf-dist/tex/latex/l3experimental/l3str/l3flag.s
ty
Package: l3flag 2014/11/25 v5471 L3 Experimental flags
)
(/home/q/.local/texlive/2014/texmf-dist/tex/latex/l3experimental/l3str/l3str-co
nvert.sty
Package: l3str-convert 2014/06/03 v5028 L3 Experimental string encoding conversi
ons
\l__str_internal_int=\count334
)
\l__regex_internal_a_int=\count335
\l__regex_internal_b_int=\count336
\l__regex_internal_c_int=\count337
\l__regex_balance_int=\count338
\l__regex_group_level_int=\count339
\l__regex_mode_int=\count340
\l__regex_catcodes_int=\count341
\l__regex_default_catcodes_int=\count342
\c__regex_catcode_L_int=\count343
\c__regex_catcode_O_int=\count344
\c__regex_catcode_A_int=\count345
\c__regex_all_catcodes_int=\count346
\l__regex_show_lines_int=\count347
\l__regex_min_state_int=\count348
\l__regex_max_state_int=\count349
\l__regex_left_state_int=\count350
\l__regex_right_state_int=\count351
\l__regex_capturing_group_int=\count352
\l__regex_min_pos_int=\count353
\l__regex_max_pos_int=\count354
\l__regex_current_pos_int=\count355
\l__regex_start_pos_int=\count356
\l__regex_success_pos_int=\count357
\l__regex_current_char_int=\count358
\l__regex_current_catcode_int=\count359
\l__regex_last_char_int=\count360
\l__regex_case_changed_char_int=\count361
\l__regex_current_state_int=\count362
\l__regex_step_int=\count363
\l__regex_min_active_int=\count364
\l__regex_max_active_int=\count365
\l__regex_replacement_csnames_int=\count366
\l__regex_match_count_int=\count367
\l__regex_submatch_int=\count368
\l__regex_zeroth_submatch_int=\count369
)
Variant \str_if_eq:VnTF already defined; not changing it on line 56
\l__mhchem_ce_distanceFromLastComma_int=\count370
\mhchem@arrow@params=\toks29
\mhchem@arrowlength@pgf=\skip266
\mhchem@bondwidth=\skip267
\mhchem@bondheight=\skip268
\mhchem@smallbondwidth@tmpA=\skip269
\mhchem@smallbondwidth@tmpB=\skip270
\mhchem@smallbondwidth=\skip271
\mhchem@bondtmp@minussidebearingleft=\skip272
\mhchem@bondtmp@minussidebearingright=\skip273
\mhchem@minispace@tmp=\skip274
\mhchem@minibackspace@tmp=\skip275
\l__mhchem_option_version_int=\count371
\mhchem@option@minusmathsidebearingleft=\dimen289
\mhchem@option@minusmathsidebearingright=\dimen290
\mhchem@option@minustextsidebearingleft=\dimen291
\mhchem@option@minustextsidebearingright=\dimen292
)
(/home/q/.local/texlive/2014/texmf-dist/tex/latex/l3packages/xfrac/xfrac.sty
(/home/q/.local/texlive/2014/texmf-dist/tex/latex/base/textcomp.sty
Package: textcomp 2005/09/27 v1.99g Standard LaTeX package
Package textcomp Info: Sub-encoding information:
(textcomp)               5 = only ISO-Adobe without \textcurrency
(textcomp)               4 = 5 + \texteuro
(textcomp)               3 = 4 + \textohm
(textcomp)               2 = 3 + \textestimated + \textcurrency
(textcomp)               1 = TS1 - \textcircled - \t
(textcomp)               0 = TS1 (full)
(textcomp)             Font families with sub-encoding setting implement
(textcomp)             only a restricted character set as indicated.
(textcomp)             Family '?' is the default used for unknown fonts.
(textcomp)             See the documentation for details.
Package textcomp Info: Setting ? sub-encoding to TS1/1 on input line 71.

(/home/q/.local/texlive/2014/texmf-dist/tex/latex/base/ts1enc.def
File: ts1enc.def 2001/06/05 v3.0e (jk/car/fm) Standard LaTeX file
LaTeX Font Info:    Redeclaring font encoding TS1 on input line 42.
)
LaTeX Info: Redefining \oldstylenums on input line 266.
Package textcomp Info: Setting cmr sub-encoding to TS1/0 on input line 281.
Package textcomp Info: Setting cmss sub-encoding to TS1/0 on input line 282.
Package textcomp Info: Setting cmtt sub-encoding to TS1/0 on input line 283.
Package textcomp Info: Setting cmvtt sub-encoding to TS1/0 on input line 284.
Package textcomp Info: Setting cmbr sub-encoding to TS1/0 on input line 285.
Package textcomp Info: Setting cmtl sub-encoding to TS1/0 on input line 286.
Package textcomp Info: Setting ccr sub-encoding to TS1/0 on input line 287.
Package textcomp Info: Setting ptm sub-encoding to TS1/4 on input line 288.
Package textcomp Info: Setting pcr sub-encoding to TS1/4 on input line 289.
Package textcomp Info: Setting phv sub-encoding to TS1/4 on input line 290.
Package textcomp Info: Setting ppl sub-encoding to TS1/3 on input line 291.
Package textcomp Info: Setting pag sub-encoding to TS1/4 on input line 292.
Package textcomp Info: Setting pbk sub-encoding to TS1/4 on input line 293.
Package textcomp Info: Setting pnc sub-encoding to TS1/4 on input line 294.
Package textcomp Info: Setting pzc sub-encoding to TS1/4 on input line 295.
Package textcomp Info: Setting bch sub-encoding to TS1/4 on input line 296.
Package textcomp Info: Setting put sub-encoding to TS1/5 on input line 297.
Package textcomp Info: Setting uag sub-encoding to TS1/5 on input line 298.
Package textcomp Info: Setting ugq sub-encoding to TS1/5 on input line 299.
Package textcomp Info: Setting ul8 sub-encoding to TS1/4 on input line 300.
Package textcomp Info: Setting ul9 sub-encoding to TS1/4 on input line 301.
Package textcomp Info: Setting augie sub-encoding to TS1/5 on input line 302.
Package textcomp Info: Setting dayrom sub-encoding to TS1/3 on input line 303.
Package textcomp Info: Setting dayroms sub-encoding to TS1/3 on input line 304.
Package textcomp Info: Setting pxr sub-encoding to TS1/0 on input line 305.
Package textcomp Info: Setting pxss sub-encoding to TS1/0 on input line 306.
Package textcomp Info: Setting pxtt sub-encoding to TS1/0 on input line 307.
Package textcomp Info: Setting txr sub-encoding to TS1/0 on input line 308.
Package textcomp Info: Setting txss sub-encoding to TS1/0 on input line 309.
Package textcomp Info: Setting txtt sub-encoding to TS1/0 on input line 310.
Package textcomp Info: Setting lmr sub-encoding to TS1/0 on input line 311.
Package textcomp Info: Setting lmdh sub-encoding to TS1/0 on input line 312.
Package textcomp Info: Setting lmss sub-encoding to TS1/0 on input line 313.
Package textcomp Info: Setting lmssq sub-encoding to TS1/0 on input line 314.
Package textcomp Info: Setting lmvtt sub-encoding to TS1/0 on input line 315.
Package textcomp Info: Setting qhv sub-encoding to TS1/0 on input line 316.
Package textcomp Info: Setting qag sub-encoding to TS1/0 on input line 317.
Package textcomp Info: Setting qbk sub-encoding to TS1/0 on input line 318.
Package textcomp Info: Setting qcr sub-encoding to TS1/0 on input line 319.
Package textcomp Info: Setting qcs sub-encoding to TS1/0 on input line 320.
Package textcomp Info: Setting qpl sub-encoding to TS1/0 on input line 321.
Package textcomp Info: Setting qtm sub-encoding to TS1/0 on input line 322.
Package textcomp Info: Setting qzc sub-encoding to TS1/0 on input line 323.
Package textcomp Info: Setting qhvc sub-encoding to TS1/0 on input line 324.
Package textcomp Info: Setting futs sub-encoding to TS1/4 on input line 325.
Package textcomp Info: Setting futx sub-encoding to TS1/4 on input line 326.
Package textcomp Info: Setting futj sub-encoding to TS1/4 on input line 327.
Package textcomp Info: Setting hlh sub-encoding to TS1/3 on input line 328.
Package textcomp Info: Setting hls sub-encoding to TS1/3 on input line 329.
Package textcomp Info: Setting hlst sub-encoding to TS1/3 on input line 330.
Package textcomp Info: Setting hlct sub-encoding to TS1/5 on input line 331.
Package textcomp Info: Setting hlx sub-encoding to TS1/5 on input line 332.
Package textcomp Info: Setting hlce sub-encoding to TS1/5 on input line 333.
Package textcomp Info: Setting hlcn sub-encoding to TS1/5 on input line 334.
Package textcomp Info: Setting hlcw sub-encoding to TS1/5 on input line 335.
Package textcomp Info: Setting hlcf sub-encoding to TS1/5 on input line 336.
Package textcomp Info: Setting pplx sub-encoding to TS1/3 on input line 337.
Package textcomp Info: Setting pplj sub-encoding to TS1/3 on input line 338.
Package textcomp Info: Setting ptmx sub-encoding to TS1/4 on input line 339.
Package textcomp Info: Setting ptmj sub-encoding to TS1/4 on input line 340.
)
(/home/q/.local/texlive/2014/texmf-dist/tex/latex/l3packages/xtemplate/xtemplat
e.sty
Package: xtemplate 2014/11/25 v5471 L3 Experimental prototype document functions

\l__xtemplate_tmp_dim=\dimen293
\l__xtemplate_tmp_int=\count372
\l__xtemplate_tmp_muskip=\muskip18
\l__xtemplate_tmp_skip=\skip276
Variant \prop_get:NoNTF already defined; not changing it on line 106
Variant \prop_get:NoNT already defined; not changing it on line 107
Variant \prop_get:NoNF already defined; not changing it on line 108
)
Package: xfrac 2014/05/04 v4728 L3 Experimental split-level fractions
\l__xfrac_slash_box=\box265
\l__xfrac_tmp_box=\box266
\l__xfrac_denominator_bot_sep_dim=\dimen294
\l__xfrac_numerator_bot_sep_dim=\dimen295
\l__xfrac_numerator_top_sep_dim=\dimen296
\l__xfrac_slash_left_sep_dim=\dimen297
\l__xfrac_slash_right_sep_dim=\dimen298
\l__xfrac_slash_left_muskip=\muskip19
\l__xfrac_slash_right_muskip=\muskip20
.................................................
. xtemplate info: "declare-object-type"
. 
. Declaring object type 'xfrac' taking 3 argument(s) on line 96.
.................................................
.................................................
. LaTeX info: "xparse/define-command"
. 
. Defining command \sfrac with sig. 'omom' on line 436.
.................................................
) (/home/q/.local/texlive/2014/texmf-dist/tex/latex/placeins/placeins.sty
Package: placeins 2005/04/18  v 2.2
) (/home/q/.local/texlive/2014/texmf-dist/tex/latex/caption/caption.sty
Package: caption 2013/05/02 v3.3-89 Customizing captions (AR)

(/home/q/.local/texlive/2014/texmf-dist/tex/latex/caption/caption3.sty
Package: caption3 2013/05/02 v1.6-88 caption3 kernel (AR)
Package caption3 Info: TeX engine: e-TeX on input line 57.
\captionmargin=\dimen299
\captionmargin@=\dimen300
\captionwidth=\dimen301
\caption@tempdima=\dimen302
\caption@indent=\dimen303
\caption@parindent=\dimen304
\caption@hangindent=\dimen305
)
Package caption Info: KOMA-Script document class.
\c@ContinuedFloat=\count373
Package caption Info: longtable package is loaded.

(/home/q/.local/texlive/2014/texmf-dist/tex/latex/caption/ltcaption.sty
Package: ltcaption 2013/02/03 v1.3-62 longtable captions (AR)
))
(/home/q/.local/texlive/2014/texmf-dist/tex/latex/caption/subcaption.sty
Package: subcaption 2013/02/03 v1.1-62 Sub-captions (AR)
\c@subfigure=\count374
\c@subtable=\count375
)
(/home/q/.local/texlive/2014/texmf-dist/tex/latex/oberdiek/grffile.sty
Package: grffile 2012/04/05 v1.16 Extended file name support for graphics (HO)
Package grffile Info: Option `multidot' is set to `true'.
Package grffile Info: Option `extendedchars' is set to `false'.
Package grffile Info: Option `space' is set to `true'.
Package grffile Info: \Gin@ii of package `graphicx' fixed on input line 486.
)
(/home/q/.local/texlive/2014/texmf-dist/tex/latex/float/float.sty
Package: float 2001/11/08 v1.3d Float enhancements (AL)
\c@float@type=\count376
\float@exts=\toks30
\float@box=\box267
\@float@everytoks=\toks31
\@floatcapt=\box268
)
(/home/q/.local/texlive/2014/texmf-dist/tex/latex/booktabs/booktabs.sty
Package: booktabs 2005/04/14 v1.61803 publication quality tables
\heavyrulewidth=\dimen306
\lightrulewidth=\dimen307
\cmidrulewidth=\dimen308
\belowrulesep=\dimen309
\belowbottomsep=\dimen310
\aboverulesep=\dimen311
\abovetopsep=\dimen312
\cmidrulesep=\dimen313
\cmidrulekern=\dimen314
\defaultaddspace=\dimen315
\@cmidla=\count377
\@cmidlb=\count378
\@aboverulesep=\dimen316
\@belowrulesep=\dimen317
\@thisruleclass=\count379
\@lastruleclass=\count380
\@thisrulewidth=\dimen318
)
(/home/q/.local/texlive/2014/texmf-dist/tex/latex/oberdiek/pdflscape.sty
Package: pdflscape 2008/08/11 v0.10 Display of landscape pages in PDF (HO)

(/home/q/.local/texlive/2014/texmf-dist/tex/latex/graphics/lscape.sty
Package: lscape 2000/10/22 v3.01 Landscape Pages (DPC)
)
Package pdflscape Info: Auto-detected driver: pdftex on input line 80.
)
(/home/q/.local/texlive/2014/texmf-dist/tex/latex/biblatex/biblatex.sty
Package: biblatex 2014/06/25 v2.9a programmable bibliographies (PK/JW/AB)


Package biblatex Warning: No "backend" specified, using Biber backend.
(biblatex)                To use BibTeX, load biblatex with 
(biblatex)                the "backend=bibtex" option.

(/home/q/.local/texlive/2014/texmf-dist/tex/latex/biblatex/biblatex2.sty
Package: biblatex2 2014/06/25 v2.9a programmable bibliographies (biber) (PK/JW/A
B)

(/home/q/.local/texlive/2014/texmf-dist/tex/latex/logreq/logreq.sty
Package: logreq 2010/08/04 v1.0 xml request logger
\lrq@indent=\count381

(/home/q/.local/texlive/2014/texmf-dist/tex/latex/logreq/logreq.def
File: logreq.def 2010/08/04 v1.0 logreq spec v1.0
))
(/home/q/.local/texlive/2014/texmf-dist/tex/latex/url/url.sty
\Urlmuskip=\muskip21
Package: url 2013/09/16  ver 3.4  Verb mode for urls, etc.
)
\c@tabx@nest=\count382
\c@listtotal=\count383
\c@listcount=\count384
\c@liststart=\count385
\c@liststop=\count386
\c@citecount=\count387
\c@citetotal=\count388
\c@multicitecount=\count389
\c@multicitetotal=\count390
\c@instcount=\count391
\c@maxnames=\count392
\c@minnames=\count393
\c@maxitems=\count394
\c@minitems=\count395
\c@citecounter=\count396
\c@savedcitecounter=\count397
\c@uniquelist=\count398
\c@uniquename=\count399
\c@refsection=\count400
\c@refsegment=\count401
\c@maxextratitle=\count402
\c@maxextratitleyear=\count403
\c@maxextrayear=\count404
\c@maxextraalpha=\count405
\c@abbrvpenalty=\count406
\c@highnamepenalty=\count407
\c@lownamepenalty=\count408
\c@maxparens=\count409
\c@parenlevel=\count410
\blx@tempcnta=\count411
\blx@tempcntb=\count412
\blx@tempcntc=\count413
\blx@maxsection=\count414
\blx@maxsegment@0=\count415
\blx@notetype=\count416
\blx@parenlevel@text=\count417
\blx@parenlevel@foot=\count418
\blx@sectionciteorder@0=\count419
\labelnumberwidth=\skip277
\labelalphawidth=\skip278
\biblabelsep=\skip279
\bibitemsep=\skip280
\bibnamesep=\skip281
\bibinitsep=\skip282
\bibparsep=\skip283
\bibhang=\skip284
\blx@bcfin=\read2
\blx@bcfout=\write3
\c@mincomprange=\count420
\c@maxcomprange=\count421
\c@mincompwidth=\count422
Package biblatex Info: Trying to load biblatex default data model...
Package biblatex Info: ... file 'blx-dm.def' found.

(/home/q/.local/texlive/2014/texmf-dist/tex/latex/biblatex/blx-dm.def)
Package biblatex Info: Trying to load biblatex custom data model...
Package biblatex Info: ... file 'biblatex-dm.cfg' not found.
\c@afterword=\count423
\c@savedafterword=\count424
\c@annotator=\count425
\c@savedannotator=\count426
\c@author=\count427
\c@savedauthor=\count428
\c@bookauthor=\count429
\c@savedbookauthor=\count430
\c@commentator=\count431
\c@savedcommentator=\count432
\c@editor=\count433
\c@savededitor=\count434
\c@editora=\count435
\c@savededitora=\count436
\c@editorb=\count437
\c@savededitorb=\count438
\c@editorc=\count439
\c@savededitorc=\count440
\c@foreword=\count441
\c@savedforeword=\count442
\c@holder=\count443
\c@savedholder=\count444
\c@introduction=\count445
\c@savedintroduction=\count446
\c@namea=\count447
\c@savednamea=\count448
\c@nameb=\count449
\c@savednameb=\count450
\c@namec=\count451
\c@savednamec=\count452
\c@translator=\count453
\c@savedtranslator=\count454
\c@shortauthor=\count455
\c@savedshortauthor=\count456
\c@shorteditor=\count457
\c@savedshorteditor=\count458
\c@labelname=\count459
\c@savedlabelname=\count460
\c@institution=\count461
\c@savedinstitution=\count462
\c@lista=\count463
\c@savedlista=\count464
\c@listb=\count465
\c@savedlistb=\count466
\c@listc=\count467
\c@savedlistc=\count468
\c@listd=\count469
\c@savedlistd=\count470
\c@liste=\count471
\c@savedliste=\count472
\c@listf=\count473
\c@savedlistf=\count474
\c@location=\count475
\c@savedlocation=\count476
\c@organization=\count477
\c@savedorganization=\count478
\c@origlocation=\count479
\c@savedoriglocation=\count480
\c@origpublisher=\count481
\c@savedorigpublisher=\count482
\c@publisher=\count483
\c@savedpublisher=\count484
\c@language=\count485
\c@savedlanguage=\count486
\c@pageref=\count487
\c@savedpageref=\count488
\shorthandwidth=\skip285
\shortjournalwidth=\skip286
\shortserieswidth=\skip287
\shorttitlewidth=\skip288
\shortauthorwidth=\skip289
\shorteditorwidth=\skip290
Package biblatex Info: Trying to load compatibility code...
Package biblatex Info: ... file 'blx-compat.def' found.

(/home/q/.local/texlive/2014/texmf-dist/tex/latex/biblatex/blx-compat.def
File: blx-compat.def 2014/06/25 v2.9a biblatex compatibility (PK/JW/AB)
)
Package biblatex Info: Trying to load generic definitions...
Package biblatex Info: ... file 'biblatex.def' found.

(/home/q/.local/texlive/2014/texmf-dist/tex/latex/biblatex/biblatex.def
File: biblatex.def 
\c@textcitecount=\count489
\c@textcitetotal=\count490
\c@textcitemaxnames=\count491
\c@biburlnumpenalty=\count492
\c@biburlucpenalty=\count493
\c@biburllcpenalty=\count494
\c@smartand=\count495
)
Package biblatex Info: Trying to load bibliography style 'numeric'...
Package biblatex Info: ... file 'numeric.bbx' found.

(/home/q/.local/texlive/2014/texmf-dist/tex/latex/biblatex/bbx/numeric.bbx
File: numeric.bbx 2014/06/25 v2.9a biblatex bibliography style (PK/JW/AB)
Package biblatex Info: Trying to load bibliography style 'standard'...
Package biblatex Info: ... file 'standard.bbx' found.

(/home/q/.local/texlive/2014/texmf-dist/tex/latex/biblatex/bbx/standard.bbx
File: standard.bbx 2014/06/25 v2.9a biblatex bibliography style (PK/JW/AB)
\c@bbx:relatedcount=\count496
\c@bbx:relatedtotal=\count497
))
Package biblatex Info: Trying to load citation style 'numeric'...
Package biblatex Info: ... file 'numeric.cbx' found.

(/home/q/.local/texlive/2014/texmf-dist/tex/latex/biblatex/cbx/numeric.cbx
File: numeric.cbx 2014/06/25 v2.9a biblatex citation style (PK/JW/AB)
Package biblatex Info: Redefining '\cite'.
Package biblatex Info: Redefining '\parencite'.
Package biblatex Info: Redefining '\footcite'.
Package biblatex Info: Redefining '\footcitetext'.
Package biblatex Info: Redefining '\smartcite'.
Package biblatex Info: Redefining '\supercite'.
Package biblatex Info: Redefining '\textcite'.
Package biblatex Info: Redefining '\textcites'.
Package biblatex Info: Redefining '\cites'.
Package biblatex Info: Redefining '\parencites'.
Package biblatex Info: Redefining '\smartcites'.
)
Package biblatex Info: Trying to load configuration file...
Package biblatex Info: ... file 'biblatex.cfg' found.

(/home/q/.local/texlive/2014/texmf-dist/tex/latex/biblatex/biblatex.cfg
File: biblatex.cfg 
)))
(/home/q/.local/texlive/2014/texmf-dist/tex/latex/hyperref/hyperref.sty
Package: hyperref 2012/11/06 v6.83m Hypertext links for LaTeX

(/home/q/.local/texlive/2014/texmf-dist/tex/generic/oberdiek/hobsub-hyperref.st
y
Package: hobsub-hyperref 2012/05/28 v1.13 Bundle oberdiek, subset hyperref (HO)

(/home/q/.local/texlive/2014/texmf-dist/tex/generic/oberdiek/hobsub-generic.sty
Package: hobsub-generic 2012/05/28 v1.13 Bundle oberdiek, subset generic (HO)
Package: hobsub 2012/05/28 v1.13 Construct package bundles (HO)
Package hobsub Info: Skipping package `infwarerr' (already loaded).
Package hobsub Info: Skipping package `ltxcmds' (already loaded).
Package hobsub Info: Skipping package `ifluatex' (already loaded).
Package: ifvtex 2010/03/01 v1.5 Detect VTeX and its facilities (HO)
Package ifvtex Info: VTeX not detected.
Package: intcalc 2007/09/27 v1.1 Expandable calculations with integers (HO)
Package hobsub Info: Skipping package `ifpdf' (already loaded).
Package hobsub Info: Skipping package `etexcmds' (already loaded).
Package hobsub Info: Skipping package `kvsetkeys' (already loaded).
Package: kvdefinekeys 2011/04/07 v1.3 Define keys (HO)
Package hobsub Info: Skipping package `luatex-loader' (already loaded).
Package hobsub Info: Skipping package `pdftexcmds' (already loaded).
Package: pdfescape 2011/11/25 v1.13 Implements pdfTeX's escape features (HO)
Package hobsub Info: Skipping package `bigintcalc' (already loaded).
Package: bitset 2011/01/30 v1.1 Handle bit-vector datatype (HO)
Package hobsub Info: Skipping package `uniquecounter' (already loaded).
)
Package hobsub Info: Skipping package `hobsub' (already loaded).
Package: letltxmacro 2010/09/02 v1.4 Let assignment for LaTeX macros (HO)
Package: hopatch 2012/05/28 v1.2 Wrapper for package hooks (HO)
Package: xcolor-patch 2011/01/30 xcolor patch
Package hobsub Info: Skipping package `atveryend' (already loaded).
Package hobsub Info: Skipping package `atbegshi' (already loaded).
Package: refcount 2011/10/16 v3.4 Data extraction from label references (HO)
Package: hycolor 2011/01/30 v1.7 Color options for hyperref/bookmark (HO)
) (/home/q/.local/texlive/2014/texmf-dist/tex/latex/oberdiek/auxhook.sty
Package: auxhook 2011/03/04 v1.3 Hooks for auxiliary files (HO)
)
\@linkdim=\dimen319
\Hy@linkcounter=\count498
\Hy@pagecounter=\count499

(/home/q/.local/texlive/2014/texmf-dist/tex/latex/hyperref/pd1enc.def
File: pd1enc.def 2012/11/06 v6.83m Hyperref: PDFDocEncoding definition (HO)
)
\Hy@SavedSpaceFactor=\count500

(/home/q/.local/texlive/2014/texmf-dist/tex/latex/latexconfig/hyperref.cfg
File: hyperref.cfg 2002/06/06 v1.2 hyperref configuration of TeXLive
)
Package hyperref Info: Option `unicode' set `true' on input line 4319.

(/home/q/.local/texlive/2014/texmf-dist/tex/latex/hyperref/puenc.def
File: puenc.def 2012/11/06 v6.83m Hyperref: PDF Unicode definition (HO)
)
Package hyperref Info: Option `pdfusetitle' set `true' on input line 4319.
Package hyperref Info: Hyper figures OFF on input line 4443.
Package hyperref Info: Link nesting OFF on input line 4448.
Package hyperref Info: Hyper index ON on input line 4451.
Package hyperref Info: Plain pages OFF on input line 4458.
Package hyperref Info: Backreferencing OFF on input line 4463.
Package hyperref Info: Implicit mode ON; LaTeX internals redefined.
Package hyperref Info: Bookmarks ON on input line 4688.
\c@Hy@tempcnt=\count501
LaTeX Info: Redefining \url on input line 5041.
\XeTeXLinkMargin=\dimen320
\Fld@menulength=\count502
\Field@Width=\dimen321
\Fld@charsize=\dimen322
Package hyperref Info: Hyper figures OFF on input line 6295.
Package hyperref Info: Link nesting OFF on input line 6300.
Package hyperref Info: Hyper index ON on input line 6303.
Package hyperref Info: backreferencing OFF on input line 6310.
Package hyperref Info: Link coloring OFF on input line 6315.
Package hyperref Info: Link coloring with OCG OFF on input line 6320.
Package hyperref Info: PDF/A mode OFF on input line 6325.
LaTeX Info: Redefining \ref on input line 6365.
LaTeX Info: Redefining \pageref on input line 6369.
\Hy@abspage=\count503
\c@Item=\count504
\c@Hfootnote=\count505
)

Package hyperref Message: Driver (autodetected): hpdftex.

(/home/q/.local/texlive/2014/texmf-dist/tex/latex/hyperref/hpdftex.def
File: hpdftex.def 2012/11/06 v6.83m Hyperref driver for pdfTeX
\Fld@listcount=\count506
\c@bookmark@seq@number=\count507
\Hy@SectionHShift=\skip291
)
(/home/q/.local/texlive/2014/texmf-dist/tex/latex/oberdiek/bookmark.sty
Package: bookmark 2011/12/02 v1.24 PDF bookmarks (HO)

(/home/q/.local/texlive/2014/texmf-dist/tex/latex/oberdiek/bkm-pdftex.def
File: bkm-pdftex.def 2011/12/02 v1.24 bookmark driver for pdfTeX (HO)
\BKM@id=\count508
))
(/home/q/.local/texlive/2014/texmf-dist/tex/latex/ncctools/extdash.sty
Package: extdash 2005/01/29 v1.2 Extended Dash Package (NCC)
)
Package csquotes Info: Checking for multilingual support...
Package csquotes Info: ... found 'polyglossia' package.


Package csquotes Warning: Using preliminary 'polyglossia' interface.
(csquotes)                Some of the multilingual features may not
(csquotes)                work as expected.

Package biblatex Info: Trying to load language 'german'...
Package biblatex Info: ... file 'german.lbx' found.
(/home/q/.local/texlive/2014/texmf-dist/tex/latex/biblatex/lbx/german.lbx
File: german.lbx 2014/06/25 v2.9a biblatex localization (PK/JW/AB)
)
(./Ü07.aux
luatex-hyphen: loading patterns and exceptions for: ngerman (\language31)
luatex-hyphen: info: no hyphenation exceptions for this language)
LaTeX Font Info:    Checking defaults for OML/cmm/m/it on input line 137.
LaTeX Font Info:    ... okay on input line 137.
LaTeX Font Info:    Checking defaults for T1/cmr/m/n on input line 137.
LaTeX Font Info:    ... okay on input line 137.
LaTeX Font Info:    Checking defaults for OT1/cmr/m/n on input line 137.
LaTeX Font Info:    ... okay on input line 137.
LaTeX Font Info:    Checking defaults for OMS/cmsy/m/n on input line 137.
LaTeX Font Info:    ... okay on input line 137.
LaTeX Font Info:    Checking defaults for OMX/cmex/m/n on input line 137.
LaTeX Font Info:    ... okay on input line 137.
LaTeX Font Info:    Checking defaults for U/cmr/m/n on input line 137.
LaTeX Font Info:    ... okay on input line 137.
LaTeX Font Info:    Checking defaults for EU2/lmr/m/n on input line 137.
LaTeX Font Info:    ... okay on input line 137.
LaTeX Font Info:    Checking defaults for T3/cmr/m/n on input line 137.
LaTeX Font Info:    Try loading font information for T3+cmr on input line 137.
 (/home/q/.local/texlive/2014/texmf-dist/tex/latex/tipa/t3cmr.fd
File: t3cmr.fd 2001/12/31 TIPA font definitions
)
LaTeX Font Info:    ... okay on input line 137.
LaTeX Font Info:    Checking defaults for TS1/cmr/m/n on input line 137.
LaTeX Font Info:    ... okay on input line 137.
LaTeX Font Info:    Checking defaults for PD1/pdf/m/n on input line 137.
LaTeX Font Info:    ... okay on input line 137.
LaTeX Font Info:    Checking defaults for PU/pdf/m/n on input line 137.
LaTeX Font Info:    ... okay on input line 137.
\AtBeginShipoutBox=\box269

(/home/q/.local/texlive/2014/texmf-dist/tex/context/base/supp-pdf.mkii
[Loading MPS to PDF converter (version 2006.09.02).]
\scratchcounter=\count509
\scratchdimen=\dimen323
\scratchbox=\box270
\nofMPsegments=\count510
\nofMParguments=\count511
\everyMPshowfont=\toks32
\MPscratchCnt=\count512
\MPscratchDim=\dimen324
\MPnumerator=\count513
\makeMPintoPDFobject=\count514
\everyMPtoPDFconversion=\toks33
) (/home/q/.local/texlive/2014/texmf-dist/tex/latex/oberdiek/epstopdf-base.sty
Package: epstopdf-base 2010/02/09 v2.5 Base part for package epstopdf

(/home/q/.local/texlive/2014/texmf-dist/tex/latex/oberdiek/grfext.sty
Package: grfext 2010/08/19 v1.1 Manage graphics extensions (HO)
)
Package grfext Info: Graphics extension search list:
(grfext)             [.png,.pdf,.jpg,.mps,.jpeg,.jbig2,.jb2,.PNG,.PDF,.JPG,.JPEG
,.JBIG2,.JB2,.eps]
(grfext)             \AppendGraphicsExtensions on input line 452.

(/home/q/.local/texlive/2014/texmf-dist/tex/latex/latexconfig/epstopdf-sys.cfg
File: epstopdf-sys.cfg 2010/07/13 v1.3 Configuration of (r)epstopdf for TeX Live

))
*************************************************
* unicode-math warning: "mathtools-overbracket"
* 
* Using \overbracket and \underbracket from `mathtools' package.
* 
* Use \Uoverbracket and \Uunderbracket for original `unicode-math' definition.
*************************************************

(/home/q/.local/texlive/2014/texmf-dist/tex/latex/beamer/translator/dicts/trans
lator-basic-dictionary/translator-basic-dictionary-English.dict
Dictionary: translator-basic-dictionary, Language: English 
)
(/home/q/.local/texlive/2014/texmf-dist/tex/latex/siunitx/siunitx-abbreviations
.cfg
File: siunitx-abbreviations.cfg 2015/01/21 v2.6e siunitx: Abbreviated units
)
Package caption Info: Begin \AtBeginDocument code.
Package caption Info: float package is loaded.
Package caption Info: hyperref package is loaded.
Package caption Info: End \AtBeginDocument code.
Package biblatex Info: LuaTeX detected.
(biblatex)             Assuming input encoding 'utf8'.
Package biblatex Info: Automatic encoding selection.
(biblatex)             Assuming data encoding 'utf8'.
Package biblatex Info: Trying to load bibliographic data...
Package biblatex Info: ... file 'Ü07.bbl' not found.

No file Ü07.bbl.
Package biblatex Info: Reference section=0 on input line 137.
Package biblatex Info: Reference segment=0 on input line 137.
Package hyperref Info: Link coloring OFF on input line 137.
(/home/q/.local/texlive/2014/texmf-dist/tex/latex/hyperref/nameref.sty
Package: nameref 2012/10/27 v2.43 Cross-referencing by name of section

(/home/q/.local/texlive/2014/texmf-dist/tex/generic/oberdiek/gettitlestring.sty
Package: gettitlestring 2010/12/03 v1.4 Cleanup title references (HO)
)
\c@section@level=\count515
)
LaTeX Info: Redefining \ref on input line 137.
LaTeX Info: Redefining \pageref on input line 137.
LaTeX Info: Redefining \nameref on input line 137.
\c__siunitx_mathsf_int=\count516
luaotfload | load : Lookup/name: "LatinModernMath" -> "latinmodern-math.otf"
luaotfload | load : Lookup/name: "LatinModernMath" -> "latinmodern-math.otf"
luaotfload | load : Lookup/name: "LatinModernMath" -> "latinmodern-math.otf"
LaTeX Font Info:    Font shape `EU2/LatinModernMath(1)/m/n' will be
(Font)              scaled to size 10.95015pt on input line 137.
luaotfload | load : Lookup/name: "LatinModernMath" -> "latinmodern-math.otf"
LaTeX Font Info:    Font shape `EU2/LatinModernMath(1)/m/n' will be
(Font)              scaled to size 8.00012pt on input line 137.
luaotfload | load : Lookup/name: "LatinModernMath" -> "latinmodern-math.otf"
LaTeX Font Info:    Font shape `EU2/LatinModernMath(1)/m/n' will be
(Font)              scaled to size 6.00009pt on input line 137.
luaotfload | load : Lookup/name: "LatinModernMath" -> "latinmodern-math.otf"
LaTeX Font Info:    Font shape `EU2/LatinModernMath(2)/m/n' will be
(Font)              scaled to size 10.94983pt on input line 137.
luaotfload | load : Lookup/name: "LatinModernMath" -> "latinmodern-math.otf"
LaTeX Font Info:    Font shape `EU2/LatinModernMath(2)/m/n' will be
(Font)              scaled to size 7.99988pt on input line 137.
luaotfload | load : Lookup/name: "LatinModernMath" -> "latinmodern-math.otf"
LaTeX Font Info:    Font shape `EU2/LatinModernMath(2)/m/n' will be
(Font)              scaled to size 5.99991pt on input line 137.
luaotfload | load : Lookup/name: "LatinModernMath" -> "latinmodern-math.otf"
LaTeX Font Info:    Try loading font information for U+msa on input line 137.
 (/home/q/.local/texlive/2014/texmf-dist/tex/latex/amsfonts/umsa.fd
File: umsa.fd 2013/01/14 v3.01 AMS symbols A
)
LaTeX Font Info:    Try loading font information for U+msb on input line 137.

(/home/q/.local/texlive/2014/texmf-dist/tex/latex/amsfonts/umsb.fd
File: umsb.fd 2013/01/14 v3.01 AMS symbols B
)
luaotfload | load : Lookup/name: "XITSMath" -> "xits-math.otf"
luaotfload | load : Lookup/name: "XITSMath" -> "xits-math.otf"
luaotfload | load : Lookup/name: "XITSMath" -> "xits-math.otf"
\c__siunitx_mathtt_int=\count517
(load luc: /home/q/.local/texlive/2014/texmf-var/luatex-cache/generic/fonts/otf/
lmroman12-bold.luc)(load luc: /home/q/.local/texlive/2014/texmf-var/luatex-cache
/generic/fonts/otf/lmsans10-bold.luc)(load luc: /home/q/.local/texlive/2014/texm
f-var/luatex-cache/generic/fonts/otf/lmroman12-regular.luc)
luaotfload | load : Lookup/name: "LatinModernMath" -> "latinmodern-math.otf"
luaotfload | load : Lookup/name: "LatinModernMath" -> "latinmodern-math.otf"
LaTeX Font Info:    Font shape `EU2/LatinModernMath(1)/m/n' will be
(Font)              scaled to size 14.4002pt on input line 140.
luaotfload | load : Lookup/name: "LatinModernMath" -> "latinmodern-math.otf"
LaTeX Font Info:    Font shape `EU2/LatinModernMath(1)/m/n' will be
(Font)              scaled to size 10.00015pt on input line 140.
luaotfload | load : Lookup/name: "LatinModernMath" -> "latinmodern-math.otf"
LaTeX Font Info:    Font shape `EU2/LatinModernMath(1)/m/n' will be
(Font)              scaled to size 7.0001pt on input line 140.
luaotfload | load : Lookup/name: "LatinModernMath" -> "latinmodern-math.otf"
LaTeX Font Info:    Font shape `EU2/LatinModernMath(2)/m/n' will be
(Font)              scaled to size 14.39977pt on input line 140.
luaotfload | load : Lookup/name: "LatinModernMath" -> "latinmodern-math.otf"
LaTeX Font Info:    Font shape `EU2/LatinModernMath(2)/m/n' will be
(Font)              scaled to size 9.99985pt on input line 140.
luaotfload | load : Lookup/name: "LatinModernMath" -> "latinmodern-math.otf"
LaTeX Font Info:    Font shape `EU2/LatinModernMath(2)/m/n' will be
(Font)              scaled to size 6.9999pt on input line 140.
luaotfload | load : Lookup/name: "LatinModernMath" -> "latinmodern-math.otf"
luaotfload | load : Lookup/name: "XITSMath" -> "xits-math.otf"
luaotfload | load : Lookup/name: "XITSMath" -> "xits-math.otf" [1

{/home/q/.local/texlive/2014/texmf-var/fonts/map/pdftex/updmap/pdftex.map}] (./
A1.tex(load luc: /home/q/.local/texlive/2014/texmf-var/luatex-cache/generic/font
s/otf/lmroman8-regular.luc)(load luc: /home/q/.local/texlive/2014/texmf-var/luat
ex-cache/generic/fonts/otf/lmroman6-regular.luc) [2

] [3]) (./A2.tex <A2.pdf, id=51, 582.175pt x 820.06375pt>
File: A2.pdf Graphic file (type pdf)

<use A2.pdf>
Package pdftex.def Info: A2.pdf used on input line 2.
(pdftex.def)             Requested size: 582.17358pt x 820.06175pt.
File: A2.pdf Graphic file (type pdf)
 <use A2.pdf>
Package pdftex.def Info: A2.pdf used on input line 2.
(pdftex.def)             Requested size: 582.17358pt x 820.06175pt.
 [4] <A2.pdf, id=67, page=1, 582.175pt x 820.06375pt>
File: A2.pdf Graphic file (type pdf)

<use A2.pdf, page 1>
Package pdftex.def Info: A2.pdf, page1 used on input line 2.
(pdftex.def)             Requested size: 582.17358pt x 820.06175pt.
File: A2.pdf Graphic file (type pdf)
 <use A2.pdf, page 1>
Package pdftex.def Info: A2.pdf, page1 used on input line 2.
(pdftex.def)             Requested size: 597.68376pt x 841.9097pt.
File: A2.pdf Graphic file (type pdf)
 <use A2.pdf, page 1>
Package pdftex.def Info: A2.pdf, page1 used on input line 2.
(pdftex.def)             Requested size: 597.68376pt x 841.9097pt.
File: A2.pdf Graphic file (type pdf)

<use A2.pdf, page 1>
Package pdftex.def Info: A2.pdf, page1 used on input line 2.
(pdftex.def)             Requested size: 597.68376pt x 841.9097pt.
File: A2.pdf Graphic file (type pdf)
 <use A2.pdf, page 1>
Package pdftex.def Info: A2.pdf, page1 used on input line 2.
(pdftex.def)             Requested size: 597.68376pt x 841.9097pt.
 [5<./A2.pdf>]
<A2.pdf, id=73, page=2, 582.175pt x 819.06pt>
File: A2.pdf Graphic file (type pdf)
 <use A2.pdf, page 2>
Package pdftex.def Info: A2.pdf, page2 used on input line 2.
(pdftex.def)             Requested size: 597.68376pt x 840.87921pt.
File: A2.pdf Graphic file (type pdf)

<use A2.pdf, page 2>
Package pdftex.def Info: A2.pdf, page2 used on input line 2.
(pdftex.def)             Requested size: 597.68376pt x 840.87921pt.
File: A2.pdf Graphic file (type pdf)
 <use A2.pdf, page 2>
Package pdftex.def Info: A2.pdf, page2 used on input line 2.
(pdftex.def)             Requested size: 597.68376pt x 840.87921pt.
 [6<./A2.pdf>]
<A2.pdf, id=79, page=3, 582.175pt x 820.06375pt>
File: A2.pdf Graphic file (type pdf)
 <use A2.pdf, page 3>
Package pdftex.def Info: A2.pdf, page3 used on input line 2.
(pdftex.def)             Requested size: 597.68376pt x 841.9097pt.
File: A2.pdf Graphic file (type pdf)

<use A2.pdf, page 3>
Package pdftex.def Info: A2.pdf, page3 used on input line 2.
(pdftex.def)             Requested size: 597.68376pt x 841.9097pt.
File: A2.pdf Graphic file (type pdf)
 <use A2.pdf, page 3>
Package pdftex.def Info: A2.pdf, page3 used on input line 2.
(pdftex.def)             Requested size: 597.68376pt x 841.9097pt.
 [7<./A2.pdf>])
Package atveryend Info: Empty hook `BeforeClearDocument' on input line 144.
Package atveryend Info: Empty hook `AfterLastShipout' on input line 144.
 (./Ü07.aux)
Package atveryend Info: Executing hook `AtVeryEndDocument' on input line 144.
Package atveryend Info: Executing hook `AtEndAfterFileList' on input line 144.
Package rerunfilecheck Info: File `Ü07.aux' has not changed.
(rerunfilecheck)             Checksum: 863861E9ACFBAD2A743A815F535B895B;1503.
Package logreq Info: Writing requests to 'Ü07.run.xml'.
Package atveryend Info: Empty hook `AtVeryVeryEnd' on input line 144.
)

Here is how much of LuaTeX's memory you used:
 42845 strings out of 494693
 100000,1373583 words of node,token memory allocated
 503 words of node memory still in use:
   7 hlist, 2 vlist, 2 rule, 2 glue, 3 kern, 8 attribute, 59 glue_spec, 8 attrib
ute_list, 1 write nodes
   avail lists: 1:48,2:1495,3:145,4:792,5:220,6:661,7:44,8:23,9:626,10:986,11:51
9,12:230
 45355 multiletter control sequences out of 65536+600000
 78 fonts using 24136003 bytes
 66i,18n,104p,1229b,945s stack positions out of 5000i,500n,10000p,200000b,100000s
</home/q/.local/texlive/2014/texmf-dist/fonts/opentype/public/lm-math/latinmoder
n-math.otf></home/q/.local/texlive/2014/texmf-dist/fonts/opentype/public/lm-math
/latinmodern-math.otf></home/q/.local/texlive/2014/texmf-dist/fonts/opentype/pub
lic/lm/lmroman10-regular.otf></home/q/.local/texlive/2014/texmf-dist/fonts/opent
ype/public/lm/lmroman8-regular.otf></home/q/.local/texlive/2014/texmf-dist/fonts
/opentype/public/lm-math/latinmodern-math.otf></home/q/.local/texlive/2014/texmf
-dist/fonts/opentype/public/lm/lmroman12-regular.otf></home/q/.local/texlive/201
4/texmf-dist/fonts/opentype/public/lm/lmsans10-bold.otf></home/q/.local/texlive/
2014/texmf-dist/fonts/opentype/public/lm/lmroman12-bold.otf>
Output written on Ü07.pdf (7 pages, 706005 bytes).

PDF statistics: 139 PDF objects out of 1000 (max. 8388607)
 96 compressed objects within 1 object stream
 36 named destinations out of 1000 (max. 131072)
 1 words of extra memory for PDF output out of 10000 (max. 10000000)

